Error: listen EADDRINUSE: address already in use 0.0.0.0:7575
    at Server.setupListenHandle [as _listen2] (node:net:1940:16)
    at listenInCluster (node:net:1997:12)
    at node:net:2206:7
    at process.processTicksAndRejections (node:internal/process/task_queues:90:21) {
  code: 'EADDRINUSE',
  errno: -98,
  syscall: 'listen',
  address: '0.0.0.0',
  port: 7575
}
-----------------------------------
UNCAUGHT EXCEPTION: Error: listen EADDRINUSE: address already in use 0.0.0.0:7575
    at Server.setupListenHandle [as _listen2] (node:net:1940:16)
    at listenInCluster (node:net:1997:12)
    at node:net:2206:7
    at process.processTicksAndRejections (node:internal/process/task_queues:90:21) {
  code: 'EADDRINUSE',
  errno: -98,
  syscall: 'listen',
  address: '0.0.0.0',
  port: 7575
}
-----------------------------------
Error: listen EADDRINUSE: address already in use 0.0.0.0:7575
    at Server.setupListenHandle [as _listen2] (node:net:1940:16)
    at listenInCluster (node:net:1997:12)
    at node:net:2206:7
    at process.processTicksAndRejections (node:internal/process/task_queues:90:21) {
  code: 'EADDRINUSE',
  errno: -98,
  syscall: 'listen',
  address: '0.0.0.0',
  port: 7575
}
-----------------------------------
UNCAUGHT EXCEPTION: Error: listen EADDRINUSE: address already in use 0.0.0.0:7575
    at Server.setupListenHandle [as _listen2] (node:net:1940:16)
    at listenInCluster (node:net:1997:12)
    at node:net:2206:7
    at process.processTicksAndRejections (node:internal/process/task_queues:90:21) {
  code: 'EADDRINUSE',
  errno: -98,
  syscall: 'listen',
  address: '0.0.0.0',
  port: 7575
}
-----------------------------------
Error: listen EADDRINUSE: address already in use 0.0.0.0:7575
    at Server.setupListenHandle [as _listen2] (node:net:1940:16)
    at listenInCluster (node:net:1997:12)
    at node:net:2206:7
    at process.processTicksAndRejections (node:internal/process/task_queues:90:21) {
  code: 'EADDRINUSE',
  errno: -98,
  syscall: 'listen',
  address: '0.0.0.0',
  port: 7575
}
-----------------------------------
UNCAUGHT EXCEPTION: Error: listen EADDRINUSE: address already in use 0.0.0.0:7575
    at Server.setupListenHandle [as _listen2] (node:net:1940:16)
    at listenInCluster (node:net:1997:12)
    at node:net:2206:7
    at process.processTicksAndRejections (node:internal/process/task_queues:90:21) {
  code: 'EADDRINUSE',
  errno: -98,
  syscall: 'listen',
  address: '0.0.0.0',
  port: 7575
}
-----------------------------------
Failed to write to log file: Error: ENOENT: no such file or directory, open '/root/streamflow/logs/app.log'
    at Object.writeFileSync (node:fs:2425:20)
    at Object.appendFileSync (node:fs:2507:6)
    at writeToLogFile (/root/streamflow/services/logger.js:19:8)
    at console.log (/root/streamflow/services/logger.js:26:3)
    at Timeout.syncStreamStatuses [as _onTimeout] (/root/streamflow/services/streamingService.js:531:13)
    at listOnTimeout (node:internal/timers:588:17)
    at process.processTimers (node:internal/timers:523:7) {
  errno: -2,
  code: 'ENOENT',
  syscall: 'open',
  path: '/root/streamflow/logs/app.log'
}
Failed to write to log file: Error: ENOENT: no such file or directory, open '/root/streamflow/logs/app.log'
    at Object.writeFileSync (node:fs:2425:20)
    at Object.appendFileSync (node:fs:2507:6)
    at writeToLogFile (/root/streamflow/services/logger.js:19:8)
    at console.log (/root/streamflow/services/logger.js:26:3)
    at Timeout.syncStreamStatuses [as _onTimeout] (/root/streamflow/services/streamingService.js:598:13) {
  errno: -2,
  code: 'ENOENT',
  syscall: 'open',
  path: '/root/streamflow/logs/app.log'
}
