Logger initialized. Output will be written to console and logs/app.log
Using system FFmpeg at: /usr/bin/ffmpeg
[StreamingService] Syncing stream statuses...
[StreamingService] Stream status sync completed. Active streams: 0
[StreamingService] Syncing stream statuses...
[StreamingService] Stream status sync completed. Active streams: 0
[StreamingService] Syncing stream statuses...
[StreamingService] Stream status sync completed. Active streams: 0
[StreamingService] Syncing stream statuses...
[StreamingService] Stream status sync completed. Active streams: 0
[StreamingService] Syncing stream statuses...
[StreamingService] Stream status sync completed. Active streams: 0
[StreamingService] Syncing stream statuses...
[StreamingService] Stream status sync completed. Active streams: 0
[StreamingService] Syncing stream statuses...
[StreamingService] Stream status sync completed. Active streams: 0
[StreamingService] Syncing stream statuses...
[StreamingService] Found inconsistent stream faf24476-42ea-491f-8ece-c7653ef3719f: marked as 'live' in DB but not active in memory
[StreamingService] Updated stream faf24476-42ea-491f-8ece-c7653ef3719f status to 'offline'
[StreamingService] Stream status sync completed. Active streams: 0
[StreamingService] Syncing stream statuses...
[StreamingService] Found inconsistent stream faf24476-42ea-491f-8ece-c7653ef3719f: marked as 'live' in DB but not active in memory
[StreamingService] Updated stream faf24476-42ea-491f-8ece-c7653ef3719f status to 'offline'
[StreamingService] Stream status sync completed. Active streams: 0
[StreamingService] Syncing stream statuses...
[StreamingService] Found inconsistent stream faf24476-42ea-491f-8ece-c7653ef3719f: marked as 'live' in DB but not active in memory
[StreamingService] Updated stream faf24476-42ea-491f-8ece-c7653ef3719f status to 'offline'
[StreamingService] Stream status sync completed. Active streams: 0
[StreamingService] Syncing stream statuses...
[StreamingService] Stream status sync completed. Active streams: 0
[StreamingService] Syncing stream statuses...
[StreamingService] Stream status sync completed. Active streams: 0
[StreamingService] Syncing stream statuses...
[StreamingService] Found inconsistent stream 7e62691f-d876-41bf-b27b-1bf536cb6fcd: marked as 'live' in DB but not active in memory
[StreamingService] Updated stream 7e62691f-d876-41bf-b27b-1bf536cb6fcd status to 'offline'
[StreamingService] Stream status sync completed. Active streams: 0
[StreamingService] Syncing stream statuses...
[StreamingService] Found inconsistent stream 7e62691f-d876-41bf-b27b-1bf536cb6fcd: marked as 'live' in DB but not active in memory
[StreamingService] Updated stream 7e62691f-d876-41bf-b27b-1bf536cb6fcd status to 'offline'
[StreamingService] Stream status sync completed. Active streams: 0
[StreamingService] Syncing stream statuses...
[StreamingService] Found inconsistent stream 7e62691f-d876-41bf-b27b-1bf536cb6fcd: marked as 'live' in DB but not active in memory
[StreamingService] Updated stream 7e62691f-d876-41bf-b27b-1bf536cb6fcd status to 'offline'
[StreamingService] Stream status sync completed. Active streams: 0
[StreamingService] Syncing stream statuses...
[StreamingService] Stream status sync completed. Active streams: 0
[StreamingService] Graceful shutdown initiated...
[StreamingService] Stopping 0 active streams...
[StreamingService] Graceful shutdown completed
Logger initialized. Output will be written to console and logs/app.log
Using system FFmpeg at: /usr/bin/ffmpeg
[StreamingService] Graceful shutdown initiated...
[StreamingService] Stopping 0 active streams...
[StreamingService] Graceful shutdown completed
Logger initialized. Output will be written to console and logs/app.log
Using system FFmpeg at: /usr/bin/ffmpeg
[StreamingService] Syncing stream statuses...
[StreamingService] Stream status sync completed. Active streams: 0
[StreamingService] Syncing stream statuses...
[StreamingService] Found inconsistent stream 7e62691f-d876-41bf-b27b-1bf536cb6fcd: marked as 'live' in DB but not active in memory
[StreamingService] Updated stream 7e62691f-d876-41bf-b27b-1bf536cb6fcd status to 'offline'
[StreamingService] Stream status sync completed. Active streams: 0
[StreamingService] Syncing stream statuses...
[StreamingService] Found inconsistent stream 7e62691f-d876-41bf-b27b-1bf536cb6fcd: marked as 'live' in DB but not active in memory
[StreamingService] Updated stream 7e62691f-d876-41bf-b27b-1bf536cb6fcd status to 'offline'
[StreamingService] Stream status sync completed. Active streams: 0
[StreamingService] Syncing stream statuses...
[StreamingService] Found inconsistent stream 7e62691f-d876-41bf-b27b-1bf536cb6fcd: marked as 'live' in DB but not active in memory
[StreamingService] Updated stream 7e62691f-d876-41bf-b27b-1bf536cb6fcd status to 'offline'
[StreamingService] Stream status sync completed. Active streams: 0
[StreamingService] Syncing stream statuses...
[StreamingService] Stream status sync completed. Active streams: 0
[StreamingService] Syncing stream statuses...
[StreamingService] Found inconsistent stream 7e62691f-d876-41bf-b27b-1bf536cb6fcd: marked as 'live' in DB but not active in memory
[StreamingService] Updated stream 7e62691f-d876-41bf-b27b-1bf536cb6fcd status to 'offline'
[StreamingService] Stream status sync completed. Active streams: 0
[StreamingService] Syncing stream statuses...
[StreamingService] Stream status sync completed. Active streams: 0
[StreamingService] Syncing stream statuses...
[StreamingService] Stream status sync completed. Active streams: 0
[StreamingService] Syncing stream statuses...
[StreamingService] Stream status sync completed. Active streams: 0
[StreamingService] Syncing stream statuses...
[StreamingService] Stream status sync completed. Active streams: 0
[StreamingService] Syncing stream statuses...
[StreamingService] Stream status sync completed. Active streams: 0
[StreamingService] Graceful shutdown initiated...
[StreamingService] Stopping 0 active streams...
[StreamingService] Graceful shutdown completed
Logger initialized. Output will be written to console and logs/app.log
Logger initialized. Output will be written to console and logs/app.log
Database tables initialized successfully
StreamFlow running at:
  http://157.173.110.204:7575
[RotationService] Initializing rotation service...
SIGINT received, shutting down gracefully...
Logger initialized. Output will be written to console and logs/app.log
Logger initialized. Output will be written to console and logs/app.log
Database tables initialized successfully
StreamFlow running at:
  http://157.173.110.204:7575
[RotationService] Initializing rotation service...
