2026-01-11T02:46:37: PM2 log: ===============================================================================
2026-01-11T02:46:37: PM2 log: --- New PM2 Daemon started ----------------------------------------------------
2026-01-11T02:46:37: PM2 log: Time                 : Sun Jan 11 2026 02:46:37 GMT+0100 (Central European Standard Time)
2026-01-11T02:46:37: PM2 log: PM2 version          : 6.0.14
2026-01-11T02:46:37: PM2 log: Node.js version      : 22.21.0
2026-01-11T02:46:37: PM2 log: Current arch         : x64
2026-01-11T02:46:37: PM2 log: PM2 home             : /root/.pm2
2026-01-11T02:46:37: PM2 log: PM2 PID file         : /root/.pm2/pm2.pid
2026-01-11T02:46:37: PM2 log: RPC socket file      : /root/.pm2/rpc.sock
2026-01-11T02:46:37: PM2 log: BUS socket file      : /root/.pm2/pub.sock
2026-01-11T02:46:37: PM2 log: Application log path : /root/.pm2/logs
2026-01-11T02:46:37: PM2 log: Worker Interval      : 30000
2026-01-11T02:46:37: PM2 log: Process dump file    : /root/.pm2/dump.pm2
2026-01-11T02:46:37: PM2 log: Concurrent actions   : 2
2026-01-11T02:46:37: PM2 log: SIGTERM timeout      : 1600
2026-01-11T02:46:37: PM2 log: Runtime Binary       : /usr/bin/node
2026-01-11T02:46:37: PM2 log: ===============================================================================
2026-01-11T02:46:37: PM2 log: App [streamflow:0] starting in -fork mode-
2026-01-11T02:46:37: PM2 log: App [streamflow:0] online
2026-01-11T04:09:30: PM2 log: Stopping app:streamflow id:0
2026-01-11T04:09:30: PM2 log: App [streamflow:0] exited with code [0] via signal [SIGINT]
2026-01-11T04:09:30: PM2 log: pid=137717 msg=process killed
2026-01-11T04:09:30: PM2 log: App [streamflow:0] starting in -fork mode-
2026-01-11T04:09:30: PM2 log: App [streamflow:0] online
2026-01-11T04:12:27: PM2 log: Stopping app:streamflow id:0
2026-01-11T04:12:27: PM2 log: App [streamflow:0] exited with code [0] via signal [SIGINT]
2026-01-11T04:12:27: PM2 log: pid=173889 msg=process killed
2026-01-11T04:12:27: PM2 log: App [streamflow:0] starting in -fork mode-
2026-01-11T04:12:27: PM2 log: App [streamflow:0] online
2026-01-11T05:08:55: PM2 log: Stopping app:streamflow id:0
2026-01-11T05:08:55: PM2 log: App [streamflow:0] exited with code [0] via signal [SIGINT]
2026-01-11T05:08:55: PM2 log: pid=175596 msg=process killed
2026-01-11T05:08:55: PM2 log: App [streamflow:0] starting in -fork mode-
2026-01-11T05:08:55: PM2 log: App [streamflow:0] online
2026-01-11T05:08:55: PM2 log: Stopping app:streamflow id:0
2026-01-11T05:08:55: PM2 log: App [streamflow:0] exited with code [0] via signal [SIGINT]
2026-01-11T05:08:55: PM2 log: pid=188488 msg=process killed
2026-01-11T05:22:37: PM2 log: App [streamflow:0] starting in -fork mode-
2026-01-11T05:22:37: PM2 log: App [streamflow:0] online
2026-01-11T05:30:33: PM2 log: Stopping app:streamflow id:0
2026-01-11T05:30:33: PM2 log: App [streamflow:0] exited with code [0] via signal [SIGINT]
2026-01-11T05:30:33: PM2 log: pid=189524 msg=process killed
2026-01-11T05:30:33: PM2 log: App [streamflow:0] starting in -fork mode-
2026-01-11T05:30:33: PM2 log: App [streamflow:0] online
2026-01-11T05:30:33: PM2 log: Stopping app:streamflow id:0
2026-01-11T05:30:33: PM2 log: App [streamflow:0] exited with code [0] via signal [SIGINT]
2026-01-11T05:30:33: PM2 log: pid=190063 msg=process killed
2026-01-11T05:34:02: PM2 log: App [streamflow:0] starting in -fork mode-
2026-01-11T05:34:02: PM2 log: App [streamflow:0] online
