0 verbose cli /usr/bin/node /usr/bin/npm
1 info using npm@10.9.4
2 info using node@v22.21.0
3 silly config load:file:/usr/lib/node_modules/npm/npmrc
4 silly config load:file:/root/.npmrc
5 silly config load:file:/usr/etc/npmrc
6 verbose title npm install pm2
7 verbose argv "install" "--global" "pm2"
8 verbose logfile logs-max:10 dir:/root/.npm/_logs/2026-01-11T04_06_58_118Z-
9 verbose logfile /root/.npm/_logs/2026-01-11T04_06_58_118Z-debug-0.log
10 silly packumentCache heap:2197815296 maxSize:549453824 maxEntrySize:274726912
11 silly logfile done cleaning log files
12 silly idealTree buildDeps
13 silly fetch manifest pm2@*
14 silly packumentCache full:https://registry.npmjs.org/pm2 cache-miss
15 http fetch GET 200 https://registry.npmjs.org/pm2 127ms (cache revalidated)
16 silly packumentCache full:https://registry.npmjs.org/pm2 set size:1051878 disposed:false
17 silly placeDep ROOT pm2@6.0.14 OK for:  want: *
18 silly fetch manifest @pm2/agent@~2.1.1
19 silly packumentCache full:https://registry.npmjs.org/@pm2%2fagent cache-miss
20 silly fetch manifest @pm2/js-api@~0.8.0
21 silly packumentCache full:https://registry.npmjs.org/@pm2%2fjs-api cache-miss
22 silly fetch manifest @pm2/io@~6.1.0
23 silly packumentCache full:https://registry.npmjs.org/@pm2%2fio cache-miss
24 http fetch GET 200 https://registry.npmjs.org/@pm2%2fjs-api 57ms (cache revalidated)
25 silly packumentCache full:https://registry.npmjs.org/@pm2%2fjs-api set size:219753 disposed:false
26 silly fetch manifest @pm2/pm2-version-check@^1.0.4
27 silly packumentCache full:https://registry.npmjs.org/@pm2%2fpm2-version-check cache-miss
28 http fetch GET 200 https://registry.npmjs.org/@pm2%2fagent 84ms (cache revalidated)
29 silly packumentCache full:https://registry.npmjs.org/@pm2%2fagent set size:110996 disposed:false
30 silly fetch manifest ansis@4.0.0-node10
31 silly packumentCache full:https://registry.npmjs.org/ansis cache-miss
32 http fetch GET 200 https://registry.npmjs.org/@pm2%2fio 90ms (cache revalidated)
33 silly packumentCache full:https://registry.npmjs.org/@pm2%2fio set size:523015 disposed:false
34 silly fetch manifest async@3.2.6
35 silly packumentCache full:https://registry.npmjs.org/async cache-miss
36 http fetch GET 200 https://registry.npmjs.org/@pm2%2fpm2-version-check 55ms (cache revalidated)
37 silly packumentCache full:https://registry.npmjs.org/@pm2%2fpm2-version-check set size:11335 disposed:false
38 silly fetch manifest @pm2/blessed@0.1.81
39 silly packumentCache full:https://registry.npmjs.org/@pm2%2fblessed cache-miss
40 http fetch GET 200 https://registry.npmjs.org/async 45ms (cache revalidated)
41 silly packumentCache full:https://registry.npmjs.org/async set size:230496 disposed:false
42 silly fetch manifest chokidar@3.6.0
43 silly packumentCache full:https://registry.npmjs.org/chokidar cache-miss
44 http fetch GET 200 https://registry.npmjs.org/ansis 68ms (cache revalidated)
45 silly packumentCache full:https://registry.npmjs.org/ansis set size:213062 disposed:false
46 silly fetch manifest cli-tableau@2.0.1
47 silly packumentCache full:https://registry.npmjs.org/cli-tableau cache-miss
48 http fetch GET 200 https://registry.npmjs.org/@pm2%2fblessed 62ms (cache revalidated)
49 silly packumentCache full:https://registry.npmjs.org/@pm2%2fblessed set size:70238 disposed:false
50 silly fetch manifest commander@2.15.1
51 silly packumentCache full:https://registry.npmjs.org/commander cache-miss
52 http fetch GET 200 https://registry.npmjs.org/chokidar 44ms (cache revalidated)
53 silly packumentCache full:https://registry.npmjs.org/chokidar set size:255902 disposed:false
54 silly fetch manifest croner@4.1.97
55 silly packumentCache full:https://registry.npmjs.org/croner cache-miss
56 http fetch GET 200 https://registry.npmjs.org/cli-tableau 51ms (cache revalidated)
57 silly packumentCache full:https://registry.npmjs.org/cli-tableau set size:9593 disposed:false
58 silly fetch manifest dayjs@1.11.15
59 silly packumentCache full:https://registry.npmjs.org/dayjs cache-miss
60 http fetch GET 200 https://registry.npmjs.org/commander 44ms (cache revalidated)
61 silly packumentCache full:https://registry.npmjs.org/commander set size:345426 disposed:false
62 silly fetch manifest debug@4.4.3
63 silly packumentCache full:https://registry.npmjs.org/debug cache-miss
64 http fetch GET 200 https://registry.npmjs.org/croner 42ms (cache revalidated)
65 silly packumentCache full:https://registry.npmjs.org/croner set size:713886 disposed:false
66 silly fetch manifest enquirer@2.3.6
67 silly packumentCache full:https://registry.npmjs.org/enquirer cache-miss
68 http fetch GET 200 https://registry.npmjs.org/dayjs 46ms (cache revalidated)
69 silly packumentCache full:https://registry.npmjs.org/dayjs set size:483478 disposed:false
70 silly fetch manifest eventemitter2@5.0.1
71 silly packumentCache full:https://registry.npmjs.org/eventemitter2 cache-miss
72 http fetch GET 200 https://registry.npmjs.org/debug 39ms (cache revalidated)
73 silly packumentCache full:https://registry.npmjs.org/debug set size:195840 disposed:false
74 silly fetch manifest fclone@1.0.11
75 silly packumentCache full:https://registry.npmjs.org/fclone cache-miss
76 http fetch GET 200 https://registry.npmjs.org/enquirer 39ms (cache revalidated)
77 silly packumentCache full:https://registry.npmjs.org/enquirer set size:203040 disposed:false
78 silly fetch manifest mkdirp@1.0.4
79 silly packumentCache full:https://registry.npmjs.org/mkdirp cache-miss
80 http fetch GET 200 https://registry.npmjs.org/eventemitter2 44ms (cache revalidated)
81 silly packumentCache full:https://registry.npmjs.org/eventemitter2 set size:172525 disposed:false
82 silly fetch manifest needle@2.4.0
83 silly packumentCache full:https://registry.npmjs.org/needle cache-miss
84 http fetch GET 200 https://registry.npmjs.org/mkdirp 24ms (cache revalidated)
85 silly packumentCache full:https://registry.npmjs.org/mkdirp set size:116455 disposed:false
86 silly fetch manifest pidusage@3.0.2
87 silly packumentCache full:https://registry.npmjs.org/pidusage cache-miss
88 http fetch GET 200 https://registry.npmjs.org/fclone 45ms (cache revalidated)
89 silly packumentCache full:https://registry.npmjs.org/fclone set size:19653 disposed:false
90 silly fetch manifest pm2-axon@~4.0.1
91 silly packumentCache full:https://registry.npmjs.org/pm2-axon cache-miss
92 http fetch GET 200 https://registry.npmjs.org/pm2-axon 27ms (cache revalidated)
93 silly packumentCache full:https://registry.npmjs.org/pm2-axon set size:44221 disposed:false
94 silly fetch manifest pm2-axon-rpc@~0.7.1
95 silly packumentCache full:https://registry.npmjs.org/pm2-axon-rpc cache-miss
96 http fetch GET 200 https://registry.npmjs.org/needle 37ms (cache revalidated)
97 silly packumentCache full:https://registry.npmjs.org/needle set size:227370 disposed:false
98 silly fetch manifest pm2-deploy@~1.0.2
99 silly packumentCache full:https://registry.npmjs.org/pm2-deploy cache-miss
100 http fetch GET 200 https://registry.npmjs.org/pidusage 40ms (cache revalidated)
101 silly packumentCache full:https://registry.npmjs.org/pidusage set size:111034 disposed:false
102 silly fetch manifest pm2-multimeter@^0.1.2
103 silly packumentCache full:https://registry.npmjs.org/pm2-multimeter cache-miss
104 http fetch GET 200 https://registry.npmjs.org/pm2-axon-rpc 36ms (cache revalidated)
105 silly packumentCache full:https://registry.npmjs.org/pm2-axon-rpc set size:41743 disposed:false
106 silly fetch manifest promptly@2.2.0
107 silly packumentCache full:https://registry.npmjs.org/promptly cache-miss
108 http fetch GET 200 https://registry.npmjs.org/promptly 32ms (cache revalidated)
109 silly packumentCache full:https://registry.npmjs.org/promptly set size:37330 disposed:false
110 silly fetch manifest semver@7.7.2
111 silly packumentCache full:https://registry.npmjs.org/semver cache-miss
112 http fetch GET 200 https://registry.npmjs.org/semver 33ms (cache revalidated)
113 silly packumentCache full:https://registry.npmjs.org/semver set size:226907 disposed:false
114 silly fetch manifest source-map-support@0.5.21
115 silly packumentCache full:https://registry.npmjs.org/source-map-support cache-miss
116 http fetch GET 200 https://registry.npmjs.org/source-map-support 33ms (cache revalidated)
117 silly packumentCache full:https://registry.npmjs.org/source-map-support set size:125488 disposed:false
118 silly fetch manifest sprintf-js@1.1.2
119 silly packumentCache full:https://registry.npmjs.org/sprintf-js cache-miss
120 http fetch GET 200 https://registry.npmjs.org/sprintf-js 33ms (cache revalidated)
121 silly packumentCache full:https://registry.npmjs.org/sprintf-js set size:20495 disposed:false
122 silly fetch manifest vizion@~2.2.1
123 silly packumentCache full:https://registry.npmjs.org/vizion cache-miss
124 http fetch GET 200 https://registry.npmjs.org/vizion 182ms (cache revalidated)
125 silly packumentCache full:https://registry.npmjs.org/vizion set size:64651 disposed:false
126 silly fetch manifest js-yaml@4.1.1
127 silly packumentCache full:https://registry.npmjs.org/js-yaml cache-miss
128 http fetch GET 200 https://registry.npmjs.org/js-yaml 41ms (cache revalidated)
129 silly packumentCache full:https://registry.npmjs.org/js-yaml set size:152232 disposed:false
130 silly fetch manifest pm2-sysmonit@^1.2.8
131 silly packumentCache full:https://registry.npmjs.org/pm2-sysmonit cache-miss
132 http fetch GET 200 https://registry.npmjs.org/pm2-deploy 475ms (cache revalidated)
133 silly packumentCache full:https://registry.npmjs.org/pm2-deploy set size:43526 disposed:false
134 http fetch GET 200 https://registry.npmjs.org/pm2-multimeter 474ms (cache revalidated)
135 silly packumentCache full:https://registry.npmjs.org/pm2-multimeter set size:7686 disposed:false
136 http fetch GET 200 https://registry.npmjs.org/pm2-sysmonit 182ms (cache revalidated)
137 silly packumentCache full:https://registry.npmjs.org/pm2-sysmonit set size:42261 disposed:false
138 silly placeDep node_modules/pm2 @pm2/agent@2.1.1 OK for: pm2@6.0.14 want: ~2.1.1
139 silly placeDep node_modules/pm2 @pm2/blessed@0.1.81 OK for: pm2@6.0.14 want: 0.1.81
140 silly placeDep node_modules/pm2 @pm2/io@6.1.0 OK for: pm2@6.0.14 want: ~6.1.0
141 silly placeDep node_modules/pm2 @pm2/js-api@0.8.0 OK for: pm2@6.0.14 want: ~0.8.0
142 silly placeDep node_modules/pm2 @pm2/pm2-version-check@1.0.4 OK for: pm2@6.0.14 want: ^1.0.4
143 silly placeDep node_modules/pm2 ansis@4.0.0-node10 OK for: pm2@6.0.14 want: 4.0.0-node10
144 silly placeDep node_modules/pm2 async@3.2.6 OK for: pm2@6.0.14 want: 3.2.6
145 silly placeDep node_modules/pm2 chokidar@3.6.0 OK for: pm2@6.0.14 want: 3.6.0
146 silly placeDep node_modules/pm2 cli-tableau@2.0.1 OK for: pm2@6.0.14 want: 2.0.1
147 silly placeDep node_modules/pm2 commander@2.15.1 OK for: pm2@6.0.14 want: 2.15.1
148 silly placeDep node_modules/pm2 croner@4.1.97 OK for: pm2@6.0.14 want: 4.1.97
149 silly placeDep node_modules/pm2 dayjs@1.11.15 OK for: pm2@6.0.14 want: 1.11.15
150 silly placeDep node_modules/pm2 debug@4.4.3 OK for: pm2@6.0.14 want: 4.4.3
151 silly placeDep node_modules/pm2 enquirer@2.3.6 OK for: pm2@6.0.14 want: 2.3.6
152 silly placeDep node_modules/pm2 eventemitter2@5.0.1 OK for: pm2@6.0.14 want: 5.0.1
153 silly placeDep node_modules/pm2 fclone@1.0.11 OK for: pm2@6.0.14 want: 1.0.11
154 silly placeDep node_modules/pm2 js-yaml@4.1.1 OK for: pm2@6.0.14 want: 4.1.1
155 silly placeDep node_modules/pm2 mkdirp@1.0.4 OK for: pm2@6.0.14 want: 1.0.4
156 silly placeDep node_modules/pm2 needle@2.4.0 OK for: pm2@6.0.14 want: 2.4.0
157 silly placeDep node_modules/pm2 pidusage@3.0.2 OK for: pm2@6.0.14 want: 3.0.2
158 silly placeDep node_modules/pm2 pm2-axon@4.0.1 OK for: pm2@6.0.14 want: ~4.0.1
159 silly placeDep node_modules/pm2 pm2-axon-rpc@0.7.1 OK for: pm2@6.0.14 want: ~0.7.1
160 silly placeDep node_modules/pm2 pm2-deploy@1.0.2 OK for: pm2@6.0.14 want: ~1.0.2
161 silly placeDep node_modules/pm2 pm2-multimeter@0.1.2 OK for: pm2@6.0.14 want: ^0.1.2
162 silly placeDep node_modules/pm2 pm2-sysmonit@1.2.8 OK for: pm2@6.0.14 want: ^1.2.8
163 silly placeDep node_modules/pm2 promptly@2.2.0 OK for: pm2@6.0.14 want: 2.2.0
164 silly placeDep node_modules/pm2 semver@7.7.2 OK for: pm2@6.0.14 want: 7.7.2
165 silly placeDep node_modules/pm2 source-map-support@0.5.21 OK for: pm2@6.0.14 want: 0.5.21
166 silly placeDep node_modules/pm2 sprintf-js@1.1.2 OK for: pm2@6.0.14 want: 1.1.2
167 silly placeDep node_modules/pm2 vizion@2.2.1 OK for: pm2@6.0.14 want: ~2.2.1
168 silly fetch manifest async@~3.2.0
169 silly packumentCache full:https://registry.npmjs.org/async cache-hit
170 silly fetch manifest chalk@~3.0.0
171 silly packumentCache full:https://registry.npmjs.org/chalk cache-miss
172 silly fetch manifest dayjs@~1.8.24
173 silly packumentCache full:https://registry.npmjs.org/dayjs cache-hit
174 silly fetch manifest debug@~4.3.1
175 silly packumentCache full:https://registry.npmjs.org/debug cache-hit
176 silly fetch manifest eventemitter2@~5.0.1
177 silly packumentCache full:https://registry.npmjs.org/eventemitter2 cache-hit
178 silly fetch manifest fast-json-patch@^3.1.0
179 silly packumentCache full:https://registry.npmjs.org/fast-json-patch cache-miss
180 silly fetch manifest fclone@~1.0.11
181 silly packumentCache full:https://registry.npmjs.org/fclone cache-hit
182 silly fetch manifest pm2-axon-rpc@~0.7.0
183 silly packumentCache full:https://registry.npmjs.org/pm2-axon-rpc cache-hit
184 silly fetch manifest proxy-agent@~6.4.0
185 silly packumentCache full:https://registry.npmjs.org/proxy-agent cache-miss
186 http fetch GET 200 https://registry.npmjs.org/chalk 42ms (cache revalidated)
187 silly packumentCache full:https://registry.npmjs.org/chalk set size:117861 disposed:false
188 silly fetch manifest semver@~7.5.0
189 silly packumentCache full:https://registry.npmjs.org/semver cache-hit
190 silly fetch manifest ws@~7.5.10
191 silly packumentCache full:https://registry.npmjs.org/ws cache-miss
192 http fetch GET 200 https://registry.npmjs.org/fast-json-patch 40ms (cache revalidated)
193 silly packumentCache full:https://registry.npmjs.org/fast-json-patch set size:129532 disposed:false
194 silly fetch manifest async@~2.6.1
195 silly packumentCache full:https://registry.npmjs.org/async cache-hit
196 silly fetch manifest eventemitter2@^6.3.1
197 silly packumentCache full:https://registry.npmjs.org/eventemitter2 cache-hit
198 silly fetch manifest require-in-the-middle@^5.0.0
199 silly packumentCache full:https://registry.npmjs.org/require-in-the-middle cache-miss
200 http fetch GET 200 https://registry.npmjs.org/proxy-agent 43ms (cache revalidated)
201 silly packumentCache full:https://registry.npmjs.org/proxy-agent set size:70579 disposed:false
202 silly fetch manifest semver@~7.5.4
203 silly packumentCache full:https://registry.npmjs.org/semver cache-hit
204 silly fetch manifest shimmer@^1.2.0
205 silly packumentCache full:https://registry.npmjs.org/shimmer cache-miss
206 http fetch GET 200 https://registry.npmjs.org/require-in-the-middle 36ms (cache revalidated)
207 silly packumentCache full:https://registry.npmjs.org/require-in-the-middle set size:87691 disposed:false
208 silly fetch manifest signal-exit@^3.0.3
209 silly packumentCache full:https://registry.npmjs.org/signal-exit cache-miss
210 http fetch GET 200 https://registry.npmjs.org/ws 43ms (cache revalidated)
211 silly packumentCache full:https://registry.npmjs.org/ws set size:413307 disposed:false
212 silly fetch manifest tslib@1.9.3
213 silly packumentCache full:https://registry.npmjs.org/tslib cache-miss
214 http fetch GET 200 https://registry.npmjs.org/shimmer 46ms (cache revalidated)
215 silly packumentCache full:https://registry.npmjs.org/shimmer set size:22336 disposed:false
216 silly fetch manifest async@^2.6.3
217 silly packumentCache full:https://registry.npmjs.org/async cache-hit
218 silly fetch manifest extrareqp2@^1.0.0
219 silly packumentCache full:https://registry.npmjs.org/extrareqp2 cache-miss
220 http fetch GET 200 https://registry.npmjs.org/signal-exit 39ms (cache revalidated)
221 silly packumentCache full:https://registry.npmjs.org/signal-exit set size:53489 disposed:false
222 silly fetch manifest ws@^7.0.0
223 silly packumentCache full:https://registry.npmjs.org/ws cache-hit
224 silly fetch manifest debug@^4.3.1
225 silly packumentCache full:https://registry.npmjs.org/debug cache-hit
226 silly fetch manifest braces@~3.0.2
227 silly packumentCache full:https://registry.npmjs.org/braces cache-miss
228 http fetch GET 200 https://registry.npmjs.org/tslib 42ms (cache revalidated)
229 silly packumentCache full:https://registry.npmjs.org/tslib set size:108760 disposed:false
230 silly fetch manifest is-glob@~4.0.1
231 silly packumentCache full:https://registry.npmjs.org/is-glob cache-miss
232 http fetch GET 200 https://registry.npmjs.org/extrareqp2 44ms (cache revalidated)
233 silly packumentCache full:https://registry.npmjs.org/extrareqp2 set size:33058 disposed:false
234 silly fetch manifest anymatch@~3.1.2
235 silly packumentCache full:https://registry.npmjs.org/anymatch cache-miss
236 http fetch GET 200 https://registry.npmjs.org/braces 29ms (cache revalidated)
237 silly packumentCache full:https://registry.npmjs.org/braces set size:114529 disposed:false
238 silly fetch manifest readdirp@~3.6.0
239 silly packumentCache full:https://registry.npmjs.org/readdirp cache-miss
240 http fetch GET 200 https://registry.npmjs.org/is-glob 31ms (cache revalidated)
241 silly packumentCache full:https://registry.npmjs.org/is-glob set size:40530 disposed:false
242 silly fetch manifest glob-parent@~5.1.2
243 silly packumentCache full:https://registry.npmjs.org/glob-parent cache-miss
244 http fetch GET 200 https://registry.npmjs.org/anymatch 29ms (cache revalidated)
245 silly packumentCache full:https://registry.npmjs.org/anymatch set size:42974 disposed:false
246 silly fetch manifest is-binary-path@~2.1.0
247 silly packumentCache full:https://registry.npmjs.org/is-binary-path cache-miss
248 http fetch GET 200 https://registry.npmjs.org/readdirp 26ms (cache revalidated)
249 silly packumentCache full:https://registry.npmjs.org/readdirp set size:107589 disposed:false
250 silly fetch manifest normalize-path@~3.0.0
251 silly packumentCache full:https://registry.npmjs.org/normalize-path cache-miss
252 http fetch GET 200 https://registry.npmjs.org/is-binary-path 27ms (cache revalidated)
253 silly packumentCache full:https://registry.npmjs.org/is-binary-path set size:13475 disposed:false
254 silly fetch manifest fsevents@~2.3.2
255 silly packumentCache full:https://registry.npmjs.org/fsevents cache-miss
256 http fetch GET 200 https://registry.npmjs.org/glob-parent 36ms (cache revalidated)
257 silly packumentCache full:https://registry.npmjs.org/glob-parent set size:42445 disposed:false
258 silly fetch manifest chalk@3.0.0
259 silly packumentCache full:https://registry.npmjs.org/chalk cache-hit
260 silly fetch manifest ms@^2.1.3
261 silly packumentCache full:https://registry.npmjs.org/ms cache-miss
262 http fetch GET 200 https://registry.npmjs.org/normalize-path 25ms (cache revalidated)
263 silly packumentCache full:https://registry.npmjs.org/normalize-path set size:28713 disposed:false
264 silly fetch manifest ansi-colors@^4.1.1
265 silly packumentCache full:https://registry.npmjs.org/ansi-colors cache-miss
266 http fetch GET 200 https://registry.npmjs.org/ansi-colors 29ms (cache revalidated)
267 silly packumentCache full:https://registry.npmjs.org/ansi-colors set size:110876 disposed:false
268 silly fetch manifest argparse@^2.0.1
269 silly packumentCache full:https://registry.npmjs.org/argparse cache-miss
270 http fetch GET 200 https://registry.npmjs.org/fsevents 45ms (cache revalidated)
271 silly packumentCache full:https://registry.npmjs.org/fsevents set size:182472 disposed:false
272 silly fetch manifest debug@^3.2.6
273 silly packumentCache full:https://registry.npmjs.org/debug cache-hit
274 silly fetch manifest iconv-lite@^0.4.4
275 silly packumentCache full:https://registry.npmjs.org/iconv-lite cache-miss
276 http fetch GET 200 https://registry.npmjs.org/ms 46ms (cache revalidated)
277 silly packumentCache full:https://registry.npmjs.org/ms set size:92208 disposed:false
278 silly fetch manifest sax@^1.2.4
279 silly packumentCache full:https://registry.npmjs.org/sax cache-miss
280 http fetch GET 200 https://registry.npmjs.org/iconv-lite 32ms (cache revalidated)
281 silly packumentCache full:https://registry.npmjs.org/iconv-lite set size:120557 disposed:false
282 silly fetch manifest safe-buffer@^5.2.1
283 silly packumentCache full:https://registry.npmjs.org/safe-buffer cache-miss
284 http fetch GET 200 https://registry.npmjs.org/argparse 41ms (cache revalidated)
285 silly packumentCache full:https://registry.npmjs.org/argparse set size:49266 disposed:false
286 silly fetch manifest amp@~0.3.1
287 silly packumentCache full:https://registry.npmjs.org/amp cache-miss
288 http fetch GET 200 https://registry.npmjs.org/sax 40ms (cache revalidated)
289 silly packumentCache full:https://registry.npmjs.org/sax set size:87969 disposed:false
290 silly fetch manifest amp-message@~0.1.1
291 silly packumentCache full:https://registry.npmjs.org/amp-message cache-miss
292 http fetch GET 200 https://registry.npmjs.org/amp 26ms (cache revalidated)
293 silly packumentCache full:https://registry.npmjs.org/amp set size:6794 disposed:false
294 silly fetch manifest escape-string-regexp@^4.0.0
295 silly packumentCache full:https://registry.npmjs.org/escape-string-regexp cache-miss
296 http fetch GET 200 https://registry.npmjs.org/safe-buffer 34ms (cache revalidated)
297 silly packumentCache full:https://registry.npmjs.org/safe-buffer set size:41183 disposed:false
298 silly fetch manifest run-series@^1.1.8
299 silly packumentCache full:https://registry.npmjs.org/run-series cache-miss
300 http fetch GET 200 https://registry.npmjs.org/amp-message 28ms (cache revalidated)
301 silly packumentCache full:https://registry.npmjs.org/amp-message set size:6704 disposed:false
302 silly fetch manifest tv4@^1.3.0
303 silly packumentCache full:https://registry.npmjs.org/tv4 cache-miss
304 http fetch GET 200 https://registry.npmjs.org/escape-string-regexp 25ms (cache revalidated)
305 silly packumentCache full:https://registry.npmjs.org/escape-string-regexp set size:22244 disposed:false
306 silly fetch manifest charm@~0.1.1
307 silly packumentCache full:https://registry.npmjs.org/charm cache-miss
308 http fetch GET 200 https://registry.npmjs.org/run-series 35ms (cache revalidated)
309 silly packumentCache full:https://registry.npmjs.org/run-series set size:35375 disposed:false
310 silly fetch manifest pidusage@^2.0.21
311 silly packumentCache full:https://registry.npmjs.org/pidusage cache-hit
312 silly fetch manifest systeminformation@^5.7
313 silly packumentCache full:https://registry.npmjs.org/systeminformation cache-miss
314 http fetch GET 200 https://registry.npmjs.org/tv4 32ms (cache revalidated)
315 silly packumentCache full:https://registry.npmjs.org/tv4 set size:84466 disposed:false
316 silly fetch manifest tx2@~1.0.4
317 silly packumentCache full:https://registry.npmjs.org/tx2 cache-miss
318 http fetch GET 200 https://registry.npmjs.org/systeminformation 37ms (cache revalidated)
319 silly packumentCache full:https://registry.npmjs.org/systeminformation set size:2281953 disposed:false
320 silly fetch manifest read@^1.0.4
321 silly packumentCache full:https://registry.npmjs.org/read cache-miss
322 http fetch GET 200 https://registry.npmjs.org/charm 468ms (cache revalidated)
323 silly packumentCache full:https://registry.npmjs.org/charm set size:27884 disposed:false
324 silly fetch manifest buffer-from@^1.0.0
325 silly packumentCache full:https://registry.npmjs.org/buffer-from cache-miss
326 http fetch GET 200 https://registry.npmjs.org/tx2 477ms (cache revalidated)
327 silly packumentCache full:https://registry.npmjs.org/tx2 set size:7551 disposed:false
328 silly fetch manifest source-map@^0.6.0
329 silly packumentCache full:https://registry.npmjs.org/source-map cache-miss
330 http fetch GET 200 https://registry.npmjs.org/buffer-from 36ms (cache revalidated)
331 silly packumentCache full:https://registry.npmjs.org/buffer-from set size:15463 disposed:false
332 silly fetch manifest git-node-fs@^1.0.0
333 silly packumentCache full:https://registry.npmjs.org/git-node-fs cache-miss
334 http fetch GET 200 https://registry.npmjs.org/source-map 31ms (cache revalidated)
335 silly packumentCache full:https://registry.npmjs.org/source-map set size:226141 disposed:false
336 silly fetch manifest ini@^1.3.5
337 silly packumentCache full:https://registry.npmjs.org/ini cache-miss
338 http fetch GET 200 https://registry.npmjs.org/read 468ms (cache revalidated)
339 silly packumentCache full:https://registry.npmjs.org/read set size:41363 disposed:false
340 silly fetch manifest js-git@^0.7.8
341 silly packumentCache full:https://registry.npmjs.org/js-git cache-miss
342 http fetch GET 200 https://registry.npmjs.org/git-node-fs 181ms (cache revalidated)
343 silly packumentCache full:https://registry.npmjs.org/git-node-fs set size:5780 disposed:false
344 http fetch GET 200 https://registry.npmjs.org/ini 471ms (cache revalidated)
345 silly packumentCache full:https://registry.npmjs.org/ini set size:57019 disposed:false
346 http fetch GET 200 https://registry.npmjs.org/js-git 470ms (cache revalidated)
347 silly packumentCache full:https://registry.npmjs.org/js-git set size:47312 disposed:false
348 silly fetch manifest bufferutil@^4.0.1
349 silly packumentCache full:https://registry.npmjs.org/bufferutil cache-miss
350 http fetch GET 200 https://registry.npmjs.org/bufferutil 24ms (cache revalidated)
351 silly packumentCache full:https://registry.npmjs.org/bufferutil set size:52763 disposed:false
352 silly fetch manifest utf-8-validate@^5.0.2
353 silly packumentCache full:https://registry.npmjs.org/utf-8-validate cache-miss
354 http fetch GET 200 https://registry.npmjs.org/utf-8-validate 40ms (cache revalidated)
355 silly packumentCache full:https://registry.npmjs.org/utf-8-validate set size:77148 disposed:false
356 silly placeDep node_modules/pm2 chalk@3.0.0 OK for: @pm2/agent@2.1.1 want: ~3.0.0
357 silly placeDep node_modules/pm2/node_modules/@pm2/agent dayjs@1.8.36 OK for: @pm2/agent@2.1.1 want: ~1.8.24
358 silly placeDep node_modules/pm2/node_modules/@pm2/agent debug@4.3.7 OK for: @pm2/agent@2.1.1 want: ~4.3.1
359 silly placeDep node_modules/pm2 fast-json-patch@3.1.1 OK for: @pm2/agent@2.1.1 want: ^3.1.0
360 silly placeDep node_modules/pm2 proxy-agent@6.4.0 OK for: @pm2/agent@2.1.1 want: ~6.4.0
361 silly placeDep node_modules/pm2/node_modules/@pm2/agent semver@7.5.4 OK for: @pm2/agent@2.1.1 want: ~7.5.0
362 silly placeDep node_modules/pm2 ws@7.5.10 OK for: @pm2/agent@2.1.1 want: ~7.5.10
363 silly fetch manifest ansi-styles@^4.1.0
364 silly packumentCache full:https://registry.npmjs.org/ansi-styles cache-miss
365 silly fetch manifest supports-color@^7.1.0
366 silly packumentCache full:https://registry.npmjs.org/supports-color cache-miss
367 silly fetch manifest lru-cache@^7.14.1
368 silly packumentCache full:https://registry.npmjs.org/lru-cache cache-miss
369 http fetch GET 200 https://registry.npmjs.org/supports-color 28ms (cache revalidated)
370 silly packumentCache full:https://registry.npmjs.org/supports-color set size:118680 disposed:false
371 silly fetch manifest agent-base@^7.0.2
372 silly packumentCache full:https://registry.npmjs.org/agent-base cache-miss
373 http fetch GET 200 https://registry.npmjs.org/lru-cache 32ms (cache revalidated)
374 silly packumentCache full:https://registry.npmjs.org/lru-cache set size:406394 disposed:false
375 silly fetch manifest proxy-from-env@^1.1.0
376 silly packumentCache full:https://registry.npmjs.org/proxy-from-env cache-miss
377 http fetch GET 200 https://registry.npmjs.org/ansi-styles 45ms (cache revalidated)
378 silly packumentCache full:https://registry.npmjs.org/ansi-styles set size:63233 disposed:false
379 silly fetch manifest pac-proxy-agent@^7.0.1
380 silly packumentCache full:https://registry.npmjs.org/pac-proxy-agent cache-miss
381 http fetch GET 200 https://registry.npmjs.org/proxy-from-env 40ms (cache revalidated)
382 silly packumentCache full:https://registry.npmjs.org/proxy-from-env set size:15831 disposed:false
383 silly fetch manifest http-proxy-agent@^7.0.1
384 silly packumentCache full:https://registry.npmjs.org/http-proxy-agent cache-miss
385 http fetch GET 200 https://registry.npmjs.org/agent-base 56ms (cache revalidated)
386 silly packumentCache full:https://registry.npmjs.org/agent-base set size:67460 disposed:false
387 silly fetch manifest https-proxy-agent@^7.0.3
388 silly packumentCache full:https://registry.npmjs.org/https-proxy-agent cache-miss
389 http fetch GET 200 https://registry.npmjs.org/pac-proxy-agent 47ms (cache revalidated)
390 silly packumentCache full:https://registry.npmjs.org/pac-proxy-agent set size:59229 disposed:false
391 silly fetch manifest socks-proxy-agent@^8.0.2
392 silly packumentCache full:https://registry.npmjs.org/socks-proxy-agent cache-miss
393 http fetch GET 200 https://registry.npmjs.org/http-proxy-agent 29ms (cache revalidated)
394 silly packumentCache full:https://registry.npmjs.org/http-proxy-agent set size:50096 disposed:false
395 silly fetch manifest lru-cache@^6.0.0
396 silly packumentCache full:https://registry.npmjs.org/lru-cache cache-hit
397 http fetch GET 200 https://registry.npmjs.org/socks-proxy-agent 29ms (cache revalidated)
398 silly packumentCache full:https://registry.npmjs.org/socks-proxy-agent set size:96838 disposed:false
399 http fetch GET 200 https://registry.npmjs.org/https-proxy-agent 37ms (cache revalidated)
400 silly packumentCache full:https://registry.npmjs.org/https-proxy-agent set size:76241 disposed:false
401 silly placeDep node_modules/pm2/node_modules/@pm2/io async@2.6.4 OK for: @pm2/io@6.1.0 want: ~2.6.1
402 silly placeDep node_modules/pm2/node_modules/@pm2/io debug@4.3.7 OK for: @pm2/io@6.1.0 want: ~4.3.1
403 silly placeDep node_modules/pm2/node_modules/@pm2/io eventemitter2@6.4.9 OK for: @pm2/io@6.1.0 want: ^6.3.1
404 silly placeDep node_modules/pm2 require-in-the-middle@5.2.0 OK for: @pm2/io@6.1.0 want: ^5.0.0
405 silly placeDep node_modules/pm2/node_modules/@pm2/io semver@7.5.4 OK for: @pm2/io@6.1.0 want: ~7.5.4
406 silly placeDep node_modules/pm2 shimmer@1.2.1 OK for: @pm2/io@6.1.0 want: ^1.2.0
407 silly placeDep node_modules/pm2 signal-exit@3.0.7 OK for: @pm2/io@6.1.0 want: ^3.0.3
408 silly placeDep node_modules/pm2 tslib@1.9.3 OK for: @pm2/io@6.1.0 want: 1.9.3
409 silly fetch manifest lodash@^4.17.14
410 silly packumentCache full:https://registry.npmjs.org/lodash cache-miss
411 silly fetch manifest resolve@^1.22.1
412 silly packumentCache full:https://registry.npmjs.org/resolve cache-miss
413 silly fetch manifest module-details-from-path@^1.0.3
414 silly packumentCache full:https://registry.npmjs.org/module-details-from-path cache-miss
415 http fetch GET 200 https://registry.npmjs.org/lodash 30ms (cache revalidated)
416 silly packumentCache full:https://registry.npmjs.org/lodash set size:242486 disposed:false
417 http fetch GET 200 https://registry.npmjs.org/module-details-from-path 39ms (cache revalidated)
418 silly packumentCache full:https://registry.npmjs.org/module-details-from-path set size:10793 disposed:false
419 http fetch GET 200 https://registry.npmjs.org/resolve 42ms (cache revalidated)
420 silly packumentCache full:https://registry.npmjs.org/resolve set size:246681 disposed:false
421 silly placeDep node_modules/pm2/node_modules/@pm2/js-api async@2.6.4 OK for: @pm2/js-api@0.8.0 want: ^2.6.3
422 silly placeDep node_modules/pm2/node_modules/@pm2/js-api debug@4.3.7 OK for: @pm2/js-api@0.8.0 want: ~4.3.1
423 silly placeDep node_modules/pm2/node_modules/@pm2/js-api eventemitter2@6.4.9 OK for: @pm2/js-api@0.8.0 want: ^6.3.1
424 silly placeDep node_modules/pm2 extrareqp2@1.0.0 OK for: @pm2/js-api@0.8.0 want: ^1.0.0
425 silly fetch manifest follow-redirects@^1.14.0
426 silly packumentCache full:https://registry.npmjs.org/follow-redirects cache-miss
427 http fetch GET 200 https://registry.npmjs.org/follow-redirects 35ms (cache revalidated)
428 silly packumentCache full:https://registry.npmjs.org/follow-redirects set size:186700 disposed:false
429 silly placeDep node_modules/pm2 ansi-styles@4.3.0 OK for: chalk@3.0.0 want: ^4.1.0
430 silly placeDep node_modules/pm2 supports-color@7.2.0 OK for: chalk@3.0.0 want: ^7.1.0
431 silly fetch manifest color-convert@^2.0.1
432 silly packumentCache full:https://registry.npmjs.org/color-convert cache-miss
433 silly fetch manifest has-flag@^4.0.0
434 silly packumentCache full:https://registry.npmjs.org/has-flag cache-miss
435 http fetch GET 200 https://registry.npmjs.org/has-flag 28ms (cache revalidated)
436 silly packumentCache full:https://registry.npmjs.org/has-flag set size:15180 disposed:false
437 http fetch GET 200 https://registry.npmjs.org/color-convert 36ms (cache revalidated)
438 silly packumentCache full:https://registry.npmjs.org/color-convert set size:72663 disposed:false
439 silly placeDep node_modules/pm2 color-convert@2.0.1 OK for: ansi-styles@4.3.0 want: ^2.0.1
440 silly fetch manifest color-name@~1.1.4
441 silly packumentCache full:https://registry.npmjs.org/color-name cache-miss
442 http fetch GET 200 https://registry.npmjs.org/color-name 46ms (cache revalidated)
443 silly packumentCache full:https://registry.npmjs.org/color-name set size:19467 disposed:false
444 silly placeDep node_modules/pm2 anymatch@3.1.3 OK for: chokidar@3.6.0 want: ~3.1.2
445 silly placeDep node_modules/pm2 braces@3.0.3 OK for: chokidar@3.6.0 want: ~3.0.2
446 silly placeDep node_modules/pm2 fsevents@2.3.3 OK for: chokidar@3.6.0 want: ~2.3.2
447 silly placeDep node_modules/pm2 glob-parent@5.1.2 OK for: chokidar@3.6.0 want: ~5.1.2
448 silly placeDep node_modules/pm2 is-binary-path@2.1.0 OK for: chokidar@3.6.0 want: ~2.1.0
449 silly placeDep node_modules/pm2 is-glob@4.0.3 OK for: chokidar@3.6.0 want: ~4.0.1
450 silly placeDep node_modules/pm2 normalize-path@3.0.0 OK for: chokidar@3.6.0 want: ~3.0.0
451 silly placeDep node_modules/pm2 readdirp@3.6.0 OK for: chokidar@3.6.0 want: ~3.6.0
452 silly fetch manifest picomatch@^2.0.4
453 silly packumentCache full:https://registry.npmjs.org/picomatch cache-miss
454 silly fetch manifest normalize-path@^3.0.0
455 silly packumentCache full:https://registry.npmjs.org/normalize-path cache-hit
456 silly fetch manifest fill-range@^7.1.1
457 silly packumentCache full:https://registry.npmjs.org/fill-range cache-miss
458 silly fetch manifest is-glob@^4.0.1
459 silly packumentCache full:https://registry.npmjs.org/is-glob cache-hit
460 silly fetch manifest binary-extensions@^2.0.0
461 silly packumentCache full:https://registry.npmjs.org/binary-extensions cache-miss
462 http fetch GET 200 https://registry.npmjs.org/picomatch 34ms (cache revalidated)
463 silly packumentCache full:https://registry.npmjs.org/picomatch set size:118818 disposed:false
464 silly fetch manifest is-extglob@^2.1.1
465 silly packumentCache full:https://registry.npmjs.org/is-extglob cache-miss
466 http fetch GET 200 https://registry.npmjs.org/fill-range 38ms (cache revalidated)
467 silly packumentCache full:https://registry.npmjs.org/fill-range set size:90212 disposed:false
468 silly fetch manifest picomatch@^2.2.1
469 silly packumentCache full:https://registry.npmjs.org/picomatch cache-hit
470 http fetch GET 200 https://registry.npmjs.org/binary-extensions 41ms (cache revalidated)
471 silly packumentCache full:https://registry.npmjs.org/binary-extensions set size:51551 disposed:false
472 http fetch GET 200 https://registry.npmjs.org/is-extglob 30ms (cache revalidated)
473 silly packumentCache full:https://registry.npmjs.org/is-extglob set size:11766 disposed:false
474 silly placeDep node_modules/pm2 picomatch@2.3.1 OK for: anymatch@3.1.3 want: ^2.0.4
475 silly placeDep node_modules/pm2 fill-range@7.1.1 OK for: braces@3.0.3 want: ^7.1.1
476 silly fetch manifest to-regex-range@^5.0.1
477 silly packumentCache full:https://registry.npmjs.org/to-regex-range cache-miss
478 http fetch GET 200 https://registry.npmjs.org/to-regex-range 472ms (cache revalidated)
479 silly packumentCache full:https://registry.npmjs.org/to-regex-range set size:61569 disposed:false
480 silly placeDep node_modules/pm2 color-name@1.1.4 OK for: color-convert@2.0.1 want: ~1.1.4
481 silly placeDep node_modules/pm2 ms@2.1.3 OK for: debug@4.4.3 want: ^2.1.3
482 silly placeDep node_modules/pm2 ansi-colors@4.1.3 OK for: enquirer@2.3.6 want: ^4.1.1
483 silly placeDep node_modules/pm2 follow-redirects@1.15.11 OK for: extrareqp2@1.0.0 want: ^1.14.0
484 silly placeDep node_modules/pm2 to-regex-range@5.0.1 OK for: fill-range@7.1.1 want: ^5.0.1
485 silly fetch manifest is-number@^7.0.0
486 silly packumentCache full:https://registry.npmjs.org/is-number cache-miss
487 http fetch GET 200 https://registry.npmjs.org/is-number 29ms (cache revalidated)
488 silly packumentCache full:https://registry.npmjs.org/is-number set size:36183 disposed:false
489 silly placeDep node_modules/pm2 binary-extensions@2.3.0 OK for: is-binary-path@2.1.0 want: ^2.0.0
490 silly placeDep node_modules/pm2 is-extglob@2.1.1 OK for: is-glob@4.0.3 want: ^2.1.1
491 silly placeDep node_modules/pm2 argparse@2.0.1 OK for: js-yaml@4.1.1 want: ^2.0.1
492 silly placeDep node_modules/pm2/node_modules/needle debug@3.2.7 OK for: needle@2.4.0 want: ^3.2.6
493 silly placeDep node_modules/pm2 iconv-lite@0.4.24 OK for: needle@2.4.0 want: ^0.4.4
494 silly placeDep node_modules/pm2 sax@1.4.4 OK for: needle@2.4.0 want: ^1.2.4
495 silly fetch manifest safer-buffer@>= 2.1.2 < 3
496 silly packumentCache full:https://registry.npmjs.org/safer-buffer cache-miss
497 http fetch GET 200 https://registry.npmjs.org/safer-buffer 37ms (cache revalidated)
498 silly packumentCache full:https://registry.npmjs.org/safer-buffer set size:18521 disposed:false
499 silly placeDep node_modules/pm2 safer-buffer@2.1.2 OK for: iconv-lite@0.4.24 want: >= 2.1.2 < 3
500 silly placeDep node_modules/pm2 safe-buffer@5.2.1 OK for: pidusage@3.0.2 want: ^5.2.1
501 silly placeDep node_modules/pm2 amp@0.3.1 OK for: pm2-axon@4.0.1 want: ~0.3.1
502 silly placeDep node_modules/pm2 amp-message@0.1.2 OK for: pm2-axon@4.0.1 want: ~0.1.1
503 silly placeDep node_modules/pm2 escape-string-regexp@4.0.0 OK for: pm2-axon@4.0.1 want: ^4.0.0
504 silly placeDep node_modules/pm2 run-series@1.1.9 OK for: pm2-deploy@1.0.2 want: ^1.1.8
505 silly placeDep node_modules/pm2 tv4@1.3.0 OK for: pm2-deploy@1.0.2 want: ^1.3.0
506 silly placeDep node_modules/pm2 charm@0.1.2 OK for: pm2-multimeter@0.1.2 want: ~0.1.1
507 silly placeDep node_modules/pm2/node_modules/pm2-sysmonit pidusage@2.0.21 OK for: pm2-sysmonit@1.2.8 want: ^2.0.21
508 silly placeDep node_modules/pm2 systeminformation@5.30.2 OK for: pm2-sysmonit@1.2.8 want: ^5.7
509 silly placeDep node_modules/pm2 tx2@1.0.5 OK for: pm2-sysmonit@1.2.8 want: ~1.0.4
510 silly fetch manifest json-stringify-safe@^5.0.1
511 silly packumentCache full:https://registry.npmjs.org/json-stringify-safe cache-miss
512 http fetch GET 200 https://registry.npmjs.org/json-stringify-safe 32ms (cache revalidated)
513 silly packumentCache full:https://registry.npmjs.org/json-stringify-safe set size:8806 disposed:false
514 silly placeDep node_modules/pm2 read@1.0.7 OK for: promptly@2.2.0 want: ^1.0.4
515 silly fetch manifest mute-stream@~0.0.4
516 silly packumentCache full:https://registry.npmjs.org/mute-stream cache-miss
517 http fetch GET 200 https://registry.npmjs.org/mute-stream 34ms (cache revalidated)
518 silly packumentCache full:https://registry.npmjs.org/mute-stream set size:21918 disposed:false
519 silly placeDep node_modules/pm2 agent-base@7.1.4 OK for: proxy-agent@6.4.0 want: ^7.0.2
520 silly placeDep node_modules/pm2 http-proxy-agent@7.0.2 OK for: proxy-agent@6.4.0 want: ^7.0.1
521 silly placeDep node_modules/pm2 https-proxy-agent@7.0.6 OK for: proxy-agent@6.4.0 want: ^7.0.3
522 silly placeDep node_modules/pm2 lru-cache@7.18.3 OK for: proxy-agent@6.4.0 want: ^7.14.1
523 silly placeDep node_modules/pm2 pac-proxy-agent@7.2.0 OK for: proxy-agent@6.4.0 want: ^7.0.1
524 silly placeDep node_modules/pm2 proxy-from-env@1.1.0 OK for: proxy-agent@6.4.0 want: ^1.1.0
525 silly placeDep node_modules/pm2 socks-proxy-agent@8.0.5 OK for: proxy-agent@6.4.0 want: ^8.0.2
526 silly fetch manifest @tootallnate/quickjs-emscripten@^0.23.0
527 silly packumentCache full:https://registry.npmjs.org/@tootallnate%2fquickjs-emscripten cache-miss
528 silly fetch manifest get-uri@^6.0.1
529 silly packumentCache full:https://registry.npmjs.org/get-uri cache-miss
530 silly fetch manifest pac-resolver@^7.0.1
531 silly packumentCache full:https://registry.npmjs.org/pac-resolver cache-miss
532 http fetch GET 200 https://registry.npmjs.org/pac-resolver 41ms (cache revalidated)
533 silly packumentCache full:https://registry.npmjs.org/pac-resolver set size:54112 disposed:false
534 silly fetch manifest socks-proxy-agent@^8.0.5
535 silly packumentCache full:https://registry.npmjs.org/socks-proxy-agent cache-hit
536 silly fetch manifest socks@^2.8.3
537 silly packumentCache full:https://registry.npmjs.org/socks cache-miss
538 http fetch GET 200 https://registry.npmjs.org/@tootallnate%2fquickjs-emscripten 52ms (cache revalidated)
539 silly packumentCache full:https://registry.npmjs.org/@tootallnate%2fquickjs-emscripten set size:27622 disposed:false
540 http fetch GET 200 https://registry.npmjs.org/get-uri 52ms (cache revalidated)
541 silly packumentCache full:https://registry.npmjs.org/get-uri set size:57591 disposed:false
542 http fetch GET 200 https://registry.npmjs.org/socks 31ms (cache revalidated)
543 silly packumentCache full:https://registry.npmjs.org/socks set size:168523 disposed:false
544 silly placeDep node_modules/pm2 @tootallnate/quickjs-emscripten@0.23.0 OK for: pac-proxy-agent@7.2.0 want: ^0.23.0
545 silly placeDep node_modules/pm2 get-uri@6.0.5 OK for: pac-proxy-agent@7.2.0 want: ^6.0.1
546 silly placeDep node_modules/pm2 pac-resolver@7.0.1 OK for: pac-proxy-agent@7.2.0 want: ^7.0.1
547 silly fetch manifest basic-ftp@^5.0.2
548 silly packumentCache full:https://registry.npmjs.org/basic-ftp cache-miss
549 silly fetch manifest data-uri-to-buffer@^6.0.2
550 silly packumentCache full:https://registry.npmjs.org/data-uri-to-buffer cache-miss
551 silly fetch manifest degenerator@^5.0.0
552 silly packumentCache full:https://registry.npmjs.org/degenerator cache-miss
553 http fetch GET 200 https://registry.npmjs.org/data-uri-to-buffer 36ms (cache revalidated)
554 silly packumentCache full:https://registry.npmjs.org/data-uri-to-buffer set size:43253 disposed:false
555 silly fetch manifest netmask@^2.0.2
556 silly packumentCache full:https://registry.npmjs.org/netmask cache-miss
557 http fetch GET 200 https://registry.npmjs.org/degenerator 39ms (cache revalidated)
558 silly packumentCache full:https://registry.npmjs.org/degenerator set size:71179 disposed:false
559 http fetch GET 200 https://registry.npmjs.org/basic-ftp 46ms (cache revalidated)
560 silly packumentCache full:https://registry.npmjs.org/basic-ftp set size:274853 disposed:false
561 http fetch GET 200 https://registry.npmjs.org/netmask 31ms (cache revalidated)
562 silly packumentCache full:https://registry.npmjs.org/netmask set size:21537 disposed:false
563 silly placeDep node_modules/pm2 basic-ftp@5.1.0 OK for: get-uri@6.0.5 want: ^5.0.2
564 silly placeDep node_modules/pm2 data-uri-to-buffer@6.0.2 OK for: get-uri@6.0.5 want: ^6.0.2
565 silly placeDep node_modules/pm2 degenerator@5.0.1 OK for: pac-resolver@7.0.1 want: ^5.0.0
566 silly placeDep node_modules/pm2 netmask@2.0.2 OK for: pac-resolver@7.0.1 want: ^2.0.2
567 silly fetch manifest ast-types@^0.13.4
568 silly packumentCache full:https://registry.npmjs.org/ast-types cache-miss
569 silly fetch manifest escodegen@^2.1.0
570 silly packumentCache full:https://registry.npmjs.org/escodegen cache-miss
571 silly fetch manifest esprima@^4.0.1
572 silly packumentCache full:https://registry.npmjs.org/esprima cache-miss
573 http fetch GET 200 https://registry.npmjs.org/ast-types 38ms (cache revalidated)
574 silly packumentCache full:https://registry.npmjs.org/ast-types set size:443020 disposed:false
575 http fetch GET 200 https://registry.npmjs.org/esprima 56ms (cache revalidated)
576 silly packumentCache full:https://registry.npmjs.org/esprima set size:118410 disposed:false
577 http fetch GET 200 https://registry.npmjs.org/escodegen 62ms (cache revalidated)
578 silly packumentCache full:https://registry.npmjs.org/escodegen set size:119723 disposed:false
579 silly placeDep node_modules/pm2 ast-types@0.13.4 OK for: degenerator@5.0.1 want: ^0.13.4
580 silly placeDep node_modules/pm2 escodegen@2.1.0 OK for: degenerator@5.0.1 want: ^2.1.0
581 silly placeDep node_modules/pm2 esprima@4.0.1 OK for: degenerator@5.0.1 want: ^4.0.1
582 silly fetch manifest tslib@^2.0.1
583 silly packumentCache full:https://registry.npmjs.org/tslib cache-hit
584 silly fetch manifest estraverse@^5.2.0
585 silly packumentCache full:https://registry.npmjs.org/estraverse cache-miss
586 silly fetch manifest esutils@^2.0.2
587 silly packumentCache full:https://registry.npmjs.org/esutils cache-miss
588 silly fetch manifest source-map@~0.6.1
589 silly packumentCache full:https://registry.npmjs.org/source-map cache-hit
590 http fetch GET 200 https://registry.npmjs.org/estraverse 39ms (cache revalidated)
591 silly packumentCache full:https://registry.npmjs.org/estraverse set size:62412 disposed:false
592 http fetch GET 200 https://registry.npmjs.org/esutils 47ms (cache revalidated)
593 silly packumentCache full:https://registry.npmjs.org/esutils set size:29522 disposed:false
594 silly placeDep node_modules/pm2/node_modules/ast-types tslib@2.8.1 OK for: ast-types@0.13.4 want: ^2.0.1
595 silly placeDep node_modules/pm2 estraverse@5.3.0 OK for: escodegen@2.1.0 want: ^5.2.0
596 silly placeDep node_modules/pm2 esutils@2.0.3 OK for: escodegen@2.1.0 want: ^2.0.2
597 silly placeDep node_modules/pm2 source-map@0.6.1 OK for: escodegen@2.1.0 want: ~0.6.1
598 silly placeDep node_modules/pm2 mute-stream@0.0.8 OK for: read@1.0.7 want: ~0.0.4
599 silly placeDep node_modules/pm2 module-details-from-path@1.0.4 OK for: require-in-the-middle@5.2.0 want: ^1.0.3
600 silly placeDep node_modules/pm2 resolve@1.22.11 OK for: require-in-the-middle@5.2.0 want: ^1.22.1
601 silly fetch manifest is-core-module@^2.16.1
602 silly packumentCache full:https://registry.npmjs.org/is-core-module cache-miss
603 silly fetch manifest path-parse@^1.0.7
604 silly packumentCache full:https://registry.npmjs.org/path-parse cache-miss
605 silly fetch manifest supports-preserve-symlinks-flag@^1.0.0
606 silly packumentCache full:https://registry.npmjs.org/supports-preserve-symlinks-flag cache-miss
607 http fetch GET 200 https://registry.npmjs.org/supports-preserve-symlinks-flag 33ms (cache revalidated)
608 silly packumentCache full:https://registry.npmjs.org/supports-preserve-symlinks-flag set size:6802 disposed:false
609 http fetch GET 200 https://registry.npmjs.org/path-parse 34ms (cache revalidated)
610 silly packumentCache full:https://registry.npmjs.org/path-parse set size:14523 disposed:false
611 http fetch GET 200 https://registry.npmjs.org/is-core-module 39ms (cache revalidated)
612 silly packumentCache full:https://registry.npmjs.org/is-core-module set size:71788 disposed:false
613 silly placeDep node_modules/pm2 is-core-module@2.16.1 OK for: resolve@1.22.11 want: ^2.16.1
614 silly placeDep node_modules/pm2 path-parse@1.0.7 OK for: resolve@1.22.11 want: ^1.0.7
615 silly placeDep node_modules/pm2 supports-preserve-symlinks-flag@1.0.0 OK for: resolve@1.22.11 want: ^1.0.0
616 silly fetch manifest hasown@^2.0.2
617 silly packumentCache full:https://registry.npmjs.org/hasown cache-miss
618 http fetch GET 200 https://registry.npmjs.org/hasown 25ms (cache revalidated)
619 silly packumentCache full:https://registry.npmjs.org/hasown set size:12476 disposed:false
620 silly placeDep node_modules/pm2 hasown@2.0.2 OK for: is-core-module@2.16.1 want: ^2.0.2
621 silly fetch manifest function-bind@^1.1.2
622 silly packumentCache full:https://registry.npmjs.org/function-bind cache-miss
623 http fetch GET 200 https://registry.npmjs.org/function-bind 35ms (cache revalidated)
624 silly packumentCache full:https://registry.npmjs.org/function-bind set size:15733 disposed:false
625 silly placeDep node_modules/pm2 function-bind@1.1.2 OK for: hasown@2.0.2 want: ^1.1.2
626 silly placeDep node_modules/pm2 socks@2.8.7 OK for: socks-proxy-agent@8.0.5 want: ^2.8.3
627 silly fetch manifest ip-address@^10.0.1
628 silly packumentCache full:https://registry.npmjs.org/ip-address cache-miss
629 silly fetch manifest smart-buffer@^4.2.0
630 silly packumentCache full:https://registry.npmjs.org/smart-buffer cache-miss
631 http fetch GET 200 https://registry.npmjs.org/ip-address 30ms (cache revalidated)
632 silly packumentCache full:https://registry.npmjs.org/ip-address set size:135050 disposed:false
633 http fetch GET 200 https://registry.npmjs.org/smart-buffer 31ms (cache revalidated)
634 silly packumentCache full:https://registry.npmjs.org/smart-buffer set size:87065 disposed:false
635 silly placeDep node_modules/pm2 ip-address@10.1.0 OK for: socks@2.8.7 want: ^10.0.1
636 silly placeDep node_modules/pm2 smart-buffer@4.2.0 OK for: socks@2.8.7 want: ^4.2.0
637 silly placeDep node_modules/pm2 buffer-from@1.1.2 OK for: source-map-support@0.5.21 want: ^1.0.0
638 silly placeDep node_modules/pm2 has-flag@4.0.0 OK for: supports-color@7.2.0 want: ^4.0.0
639 silly placeDep node_modules/pm2 is-number@7.0.0 OK for: to-regex-range@5.0.1 want: ^7.0.0
640 silly placeDep node_modules/pm2 json-stringify-safe@5.0.1 OK for: tx2@1.0.5 want: ^5.0.1
641 silly placeDep node_modules/pm2/node_modules/vizion async@2.6.4 OK for: vizion@2.2.1 want: ^2.6.3
642 silly placeDep node_modules/pm2 git-node-fs@1.0.0 OK for: vizion@2.2.1 want: ^1.0.0
643 silly placeDep node_modules/pm2 ini@1.3.8 OK for: vizion@2.2.1 want: ^1.3.5
644 silly placeDep node_modules/pm2 js-git@0.7.8 OK for: vizion@2.2.1 want: ^0.7.8
645 silly fetch manifest bodec@^0.1.0
646 silly packumentCache full:https://registry.npmjs.org/bodec cache-miss
647 silly fetch manifest culvert@^0.1.2
648 silly packumentCache full:https://registry.npmjs.org/culvert cache-miss
649 silly fetch manifest git-sha1@^0.1.2
650 silly packumentCache full:https://registry.npmjs.org/git-sha1 cache-miss
651 http fetch GET 200 https://registry.npmjs.org/bodec 27ms (cache revalidated)
652 silly packumentCache full:https://registry.npmjs.org/bodec set size:5489 disposed:false
653 silly fetch manifest pako@^0.2.5
654 silly packumentCache full:https://registry.npmjs.org/pako cache-miss
655 http fetch GET 200 https://registry.npmjs.org/git-sha1 29ms (cache revalidated)
656 silly packumentCache full:https://registry.npmjs.org/git-sha1 set size:4199 disposed:false
657 http fetch GET 200 https://registry.npmjs.org/culvert 30ms (cache revalidated)
658 silly packumentCache full:https://registry.npmjs.org/culvert set size:6953 disposed:false
659 http fetch GET 200 https://registry.npmjs.org/pako 28ms (cache revalidated)
660 silly packumentCache full:https://registry.npmjs.org/pako set size:74234 disposed:false
661 silly placeDep node_modules/pm2 bodec@0.1.0 OK for: js-git@0.7.8 want: ^0.1.0
662 silly placeDep node_modules/pm2 culvert@0.1.2 OK for: js-git@0.7.8 want: ^0.1.2
663 silly placeDep node_modules/pm2 git-sha1@0.1.2 OK for: js-git@0.7.8 want: ^0.1.2
664 silly placeDep node_modules/pm2 pako@0.2.9 OK for: js-git@0.7.8 want: ^0.2.5
665 silly placeDep node_modules/pm2/node_modules/@pm2/agent lru-cache@6.0.0 OK for: semver@7.5.4 want: ^6.0.0
666 silly fetch manifest yallist@^4.0.0
667 silly packumentCache full:https://registry.npmjs.org/yallist cache-miss
668 http fetch GET 200 https://registry.npmjs.org/yallist 39ms (cache revalidated)
669 silly packumentCache full:https://registry.npmjs.org/yallist set size:34610 disposed:false
670 silly placeDep node_modules/pm2 yallist@4.0.0 OK for: lru-cache@6.0.0 want: ^4.0.0
671 silly placeDep node_modules/pm2 lodash@4.17.21 OK for: async@2.6.4 want: ^4.17.14
672 silly placeDep node_modules/pm2/node_modules/@pm2/io lru-cache@6.0.0 OK for: semver@7.5.4 want: ^6.0.0
673 silly reify mark retired [
673 silly reify   '/usr/lib/node_modules/pm2',
673 silly reify   '/usr/bin/pm2',
673 silly reify   '/usr/bin/pm2-dev',
673 silly reify   '/usr/bin/pm2-docker',
673 silly reify   '/usr/bin/pm2-runtime'
673 silly reify ]
674 silly reify moves {
674 silly reify   '/usr/lib/node_modules/pm2': '/usr/lib/node_modules/.pm2-zkn4vkCL',
674 silly reify   '/usr/bin/pm2': '/usr/bin/.pm2-zlom2DsY',
674 silly reify   '/usr/bin/pm2-dev': '/usr/bin/.pm2-dev-SVwaqREy',
674 silly reify   '/usr/bin/pm2-docker': '/usr/bin/.pm2-docker-cisdoyyx',
674 silly reify   '/usr/bin/pm2-runtime': '/usr/bin/.pm2-runtime-4LZbpPot'
674 silly reify }
675 verbose reify failed optional dependency /usr/lib/node_modules/pm2/node_modules/fsevents
676 silly reify mark deleted [ '/usr/lib/node_modules/pm2/node_modules/fsevents' ]
677 http cache pm2@https://registry.npmjs.org/pm2/-/pm2-6.0.14.tgz 0ms (cache hit)
678 http cache supports-preserve-symlinks-flag@https://registry.npmjs.org/supports-preserve-symlinks-flag/-/supports-preserve-symlinks-flag-1.0.0.tgz 0ms (cache hit)
679 http cache @tootallnate/quickjs-emscripten@https://registry.npmjs.org/@tootallnate/quickjs-emscripten/-/quickjs-emscripten-0.23.0.tgz 0ms (cache hit)
680 http cache @pm2/blessed@https://registry.npmjs.org/@pm2/blessed/-/blessed-0.1.81.tgz 0ms (cache hit)
681 http cache @pm2/io@https://registry.npmjs.org/@pm2/io/-/io-6.1.0.tgz 0ms (cache hit)
682 http cache semver@https://registry.npmjs.org/semver/-/semver-7.5.4.tgz 0ms (cache hit)
683 http cache async@https://registry.npmjs.org/async/-/async-2.6.4.tgz 0ms (cache hit)
684 http cache lru-cache@https://registry.npmjs.org/lru-cache/-/lru-cache-6.0.0.tgz 0ms (cache hit)
685 http cache eventemitter2@https://registry.npmjs.org/eventemitter2/-/eventemitter2-6.4.9.tgz 0ms (cache hit)
686 http cache debug@https://registry.npmjs.org/debug/-/debug-4.3.7.tgz 0ms (cache hit)
687 http cache @pm2/pm2-version-check@https://registry.npmjs.org/@pm2/pm2-version-check/-/pm2-version-check-1.0.4.tgz 0ms (cache hit)
688 http cache yallist@https://registry.npmjs.org/yallist/-/yallist-4.0.0.tgz 0ms (cache hit)
689 http cache vizion@https://registry.npmjs.org/vizion/-/vizion-2.2.1.tgz 0ms (cache hit)
690 http cache @pm2/js-api@https://registry.npmjs.org/@pm2/js-api/-/js-api-0.8.0.tgz 0ms (cache hit)
691 http cache async@https://registry.npmjs.org/async/-/async-2.6.4.tgz 0ms (cache hit)
692 http cache eventemitter2@https://registry.npmjs.org/eventemitter2/-/eventemitter2-6.4.9.tgz 0ms (cache hit)
693 http cache debug@https://registry.npmjs.org/debug/-/debug-4.3.7.tgz 0ms (cache hit)
694 http cache async@https://registry.npmjs.org/async/-/async-2.6.4.tgz 0ms (cache hit)
695 http cache tx2@https://registry.npmjs.org/tx2/-/tx2-1.0.5.tgz 0ms (cache hit)
696 http cache @pm2/agent@https://registry.npmjs.org/@pm2/agent/-/agent-2.1.1.tgz 0ms (cache hit)
697 http cache dayjs@https://registry.npmjs.org/dayjs/-/dayjs-1.8.36.tgz 0ms (cache hit)
698 http cache lru-cache@https://registry.npmjs.org/lru-cache/-/lru-cache-6.0.0.tgz 0ms (cache hit)
699 http cache semver@https://registry.npmjs.org/semver/-/semver-7.5.4.tgz 0ms (cache hit)
700 http cache tv4@https://registry.npmjs.org/tv4/-/tv4-1.3.0.tgz 0ms (cache hit)
701 http cache debug@https://registry.npmjs.org/debug/-/debug-4.3.7.tgz 0ms (cache hit)
702 http cache to-regex-range@https://registry.npmjs.org/to-regex-range/-/to-regex-range-5.0.1.tgz 0ms (cache hit)
703 http cache ws@https://registry.npmjs.org/ws/-/ws-7.5.10.tgz 0ms (cache hit)
704 http cache tslib@https://registry.npmjs.org/tslib/-/tslib-1.9.3.tgz 0ms (cache hit)
705 http cache systeminformation@https://registry.npmjs.org/systeminformation/-/systeminformation-5.30.2.tgz 0ms (cache hit)
706 http cache sprintf-js@https://registry.npmjs.org/sprintf-js/-/sprintf-js-1.1.2.tgz 0ms (cache hit)
707 http cache socks-proxy-agent@https://registry.npmjs.org/socks-proxy-agent/-/socks-proxy-agent-8.0.5.tgz 0ms (cache hit)
708 http cache supports-color@https://registry.npmjs.org/supports-color/-/supports-color-7.2.0.tgz 0ms (cache hit)
709 http cache socks@https://registry.npmjs.org/socks/-/socks-2.8.7.tgz 0ms (cache hit)
710 http cache shimmer@https://registry.npmjs.org/shimmer/-/shimmer-1.2.1.tgz 0ms (cache hit)
711 http cache safer-buffer@https://registry.npmjs.org/safer-buffer/-/safer-buffer-2.1.2.tgz 0ms (cache hit)
712 http cache source-map-support@https://registry.npmjs.org/source-map-support/-/source-map-support-0.5.21.tgz 0ms (cache hit)
713 http cache source-map@https://registry.npmjs.org/source-map/-/source-map-0.6.1.tgz 0ms (cache hit)
714 http cache resolve@https://registry.npmjs.org/resolve/-/resolve-1.22.11.tgz 0ms (cache hit)
715 http cache smart-buffer@https://registry.npmjs.org/smart-buffer/-/smart-buffer-4.2.0.tgz 0ms (cache hit)
716 http cache safe-buffer@https://registry.npmjs.org/safe-buffer/-/safe-buffer-5.2.1.tgz 0ms (cache hit)
717 http cache signal-exit@https://registry.npmjs.org/signal-exit/-/signal-exit-3.0.7.tgz 0ms (cache hit)
718 http cache semver@https://registry.npmjs.org/semver/-/semver-7.7.2.tgz 0ms (cache hit)
719 http cache promptly@https://registry.npmjs.org/promptly/-/promptly-2.2.0.tgz 0ms (cache hit)
720 http cache readdirp@https://registry.npmjs.org/readdirp/-/readdirp-3.6.0.tgz 0ms (cache hit)
721 http cache sax@https://registry.npmjs.org/sax/-/sax-1.4.4.tgz 0ms (cache hit)
722 http cache run-series@https://registry.npmjs.org/run-series/-/run-series-1.1.9.tgz 0ms (cache hit)
723 http cache require-in-the-middle@https://registry.npmjs.org/require-in-the-middle/-/require-in-the-middle-5.2.0.tgz 0ms (cache hit)
724 http cache proxy-agent@https://registry.npmjs.org/proxy-agent/-/proxy-agent-6.4.0.tgz 0ms (cache hit)
725 http cache pm2-deploy@https://registry.npmjs.org/pm2-deploy/-/pm2-deploy-1.0.2.tgz 0ms (cache hit)
726 http cache pm2-multimeter@https://registry.npmjs.org/pm2-multimeter/-/pm2-multimeter-0.1.2.tgz 0ms (cache hit)
727 http cache proxy-from-env@https://registry.npmjs.org/proxy-from-env/-/proxy-from-env-1.1.0.tgz 0ms (cache hit)
728 http cache read@https://registry.npmjs.org/read/-/read-1.0.7.tgz 0ms (cache hit)
729 http cache pm2-sysmonit@https://registry.npmjs.org/pm2-sysmonit/-/pm2-sysmonit-1.2.8.tgz 0ms (cache hit)
730 http cache module-details-from-path@https://registry.npmjs.org/module-details-from-path/-/module-details-from-path-1.0.4.tgz 0ms (cache hit)
731 http cache pidusage@https://registry.npmjs.org/pidusage/-/pidusage-2.0.21.tgz 0ms (cache hit)
732 http cache pidusage@https://registry.npmjs.org/pidusage/-/pidusage-3.0.2.tgz 0ms (cache hit)
733 http cache pac-resolver@https://registry.npmjs.org/pac-resolver/-/pac-resolver-7.0.1.tgz 0ms (cache hit)
734 http cache pac-proxy-agent@https://registry.npmjs.org/pac-proxy-agent/-/pac-proxy-agent-7.2.0.tgz 0ms (cache hit)
735 http cache pm2-axon-rpc@https://registry.npmjs.org/pm2-axon-rpc/-/pm2-axon-rpc-0.7.1.tgz 0ms (cache hit)
736 http cache picomatch@https://registry.npmjs.org/picomatch/-/picomatch-2.3.1.tgz 0ms (cache hit)
737 http cache pm2-axon@https://registry.npmjs.org/pm2-axon/-/pm2-axon-4.0.1.tgz 0ms (cache hit)
738 http cache netmask@https://registry.npmjs.org/netmask/-/netmask-2.0.2.tgz 0ms (cache hit)
739 http cache path-parse@https://registry.npmjs.org/path-parse/-/path-parse-1.0.7.tgz 0ms (cache hit)
740 http cache pako@https://registry.npmjs.org/pako/-/pako-0.2.9.tgz 0ms (cache hit)
741 http cache js-yaml@https://registry.npmjs.org/js-yaml/-/js-yaml-4.1.1.tgz 0ms (cache hit)
742 http cache ip-address@https://registry.npmjs.org/ip-address/-/ip-address-10.1.0.tgz 0ms (cache hit)
743 http cache lodash@https://registry.npmjs.org/lodash/-/lodash-4.17.21.tgz 0ms (cache hit)
744 http cache normalize-path@https://registry.npmjs.org/normalize-path/-/normalize-path-3.0.0.tgz 0ms (cache hit)
745 http cache mute-stream@https://registry.npmjs.org/mute-stream/-/mute-stream-0.0.8.tgz 0ms (cache hit)
746 http cache needle@https://registry.npmjs.org/needle/-/needle-2.4.0.tgz 0ms (cache hit)
747 http cache debug@https://registry.npmjs.org/debug/-/debug-3.2.7.tgz 0ms (cache hit)
748 http cache mkdirp@https://registry.npmjs.org/mkdirp/-/mkdirp-1.0.4.tgz 0ms (cache hit)
749 http cache ms@https://registry.npmjs.org/ms/-/ms-2.1.3.tgz 0ms (cache hit)
750 http cache lru-cache@https://registry.npmjs.org/lru-cache/-/lru-cache-7.18.3.tgz 0ms (cache hit)
751 http cache js-git@https://registry.npmjs.org/js-git/-/js-git-0.7.8.tgz 0ms (cache hit)
752 http cache is-number@https://registry.npmjs.org/is-number/-/is-number-7.0.0.tgz 0ms (cache hit)
753 http cache json-stringify-safe@https://registry.npmjs.org/json-stringify-safe/-/json-stringify-safe-5.0.1.tgz 0ms (cache hit)
754 http cache is-extglob@https://registry.npmjs.org/is-extglob/-/is-extglob-2.1.1.tgz 0ms (cache hit)
755 http cache is-core-module@https://registry.npmjs.org/is-core-module/-/is-core-module-2.16.1.tgz 1ms (cache hit)
756 http cache git-node-fs@https://registry.npmjs.org/git-node-fs/-/git-node-fs-1.0.0.tgz 0ms (cache hit)
757 http cache is-glob@https://registry.npmjs.org/is-glob/-/is-glob-4.0.3.tgz 0ms (cache hit)
758 http cache is-binary-path@https://registry.npmjs.org/is-binary-path/-/is-binary-path-2.1.0.tgz 0ms (cache hit)
759 http cache iconv-lite@https://registry.npmjs.org/iconv-lite/-/iconv-lite-0.4.24.tgz 0ms (cache hit)
760 http cache ini@https://registry.npmjs.org/ini/-/ini-1.3.8.tgz 0ms (cache hit)
761 http cache eventemitter2@https://registry.npmjs.org/eventemitter2/-/eventemitter2-5.0.1.tgz 0ms (cache hit)
762 http cache http-proxy-agent@https://registry.npmjs.org/http-proxy-agent/-/http-proxy-agent-7.0.2.tgz 0ms (cache hit)
763 http cache https-proxy-agent@https://registry.npmjs.org/https-proxy-agent/-/https-proxy-agent-7.0.6.tgz 0ms (cache hit)
764 http cache hasown@https://registry.npmjs.org/hasown/-/hasown-2.0.2.tgz 0ms (cache hit)
765 http cache get-uri@https://registry.npmjs.org/get-uri/-/get-uri-6.0.5.tgz 0ms (cache hit)
766 http cache glob-parent@https://registry.npmjs.org/glob-parent/-/glob-parent-5.1.2.tgz 0ms (cache hit)
767 http cache has-flag@https://registry.npmjs.org/has-flag/-/has-flag-4.0.0.tgz 0ms (cache hit)
768 http cache git-sha1@https://registry.npmjs.org/git-sha1/-/git-sha1-0.1.2.tgz 0ms (cache hit)
769 http cache fill-range@https://registry.npmjs.org/fill-range/-/fill-range-7.1.1.tgz 0ms (cache hit)
770 http cache fast-json-patch@https://registry.npmjs.org/fast-json-patch/-/fast-json-patch-3.1.1.tgz 0ms (cache hit)
771 http cache follow-redirects@https://registry.npmjs.org/follow-redirects/-/follow-redirects-1.15.11.tgz 0ms (cache hit)
772 http cache fclone@https://registry.npmjs.org/fclone/-/fclone-1.0.11.tgz 0ms (cache hit)
773 http cache enquirer@https://registry.npmjs.org/enquirer/-/enquirer-2.3.6.tgz 0ms (cache hit)
774 http cache extrareqp2@https://registry.npmjs.org/extrareqp2/-/extrareqp2-1.0.0.tgz 0ms (cache hit)
775 http cache escape-string-regexp@https://registry.npmjs.org/escape-string-regexp/-/escape-string-regexp-4.0.0.tgz 0ms (cache hit)
776 http cache esutils@https://registry.npmjs.org/esutils/-/esutils-2.0.3.tgz 0ms (cache hit)
777 http cache estraverse@https://registry.npmjs.org/estraverse/-/estraverse-5.3.0.tgz 0ms (cache hit)
778 http cache esprima@https://registry.npmjs.org/esprima/-/esprima-4.0.1.tgz 0ms (cache hit)
779 http cache escodegen@https://registry.npmjs.org/escodegen/-/escodegen-2.1.0.tgz 0ms (cache hit)
780 http cache data-uri-to-buffer@https://registry.npmjs.org/data-uri-to-buffer/-/data-uri-to-buffer-6.0.2.tgz 0ms (cache hit)
781 http cache degenerator@https://registry.npmjs.org/degenerator/-/degenerator-5.0.1.tgz 0ms (cache hit)
782 http cache color-convert@https://registry.npmjs.org/color-convert/-/color-convert-2.0.1.tgz 0ms (cache hit)
783 http cache croner@https://registry.npmjs.org/croner/-/croner-4.1.97.tgz 0ms (cache hit)
784 http cache culvert@https://registry.npmjs.org/culvert/-/culvert-0.1.2.tgz 0ms (cache hit)
785 http cache dayjs@https://registry.npmjs.org/dayjs/-/dayjs-1.11.15.tgz 0ms (cache hit)
786 http cache debug@https://registry.npmjs.org/debug/-/debug-4.4.3.tgz 0ms (cache hit)
787 http cache color-name@https://registry.npmjs.org/color-name/-/color-name-1.1.4.tgz 0ms (cache hit)
788 http cache commander@https://registry.npmjs.org/commander/-/commander-2.15.1.tgz 1ms (cache hit)
789 http cache charm@https://registry.npmjs.org/charm/-/charm-0.1.2.tgz 0ms (cache hit)
790 http cache argparse@https://registry.npmjs.org/argparse/-/argparse-2.0.1.tgz 0ms (cache hit)
791 http cache cli-tableau@https://registry.npmjs.org/cli-tableau/-/cli-tableau-2.0.1.tgz 0ms (cache hit)
792 http cache async@https://registry.npmjs.org/async/-/async-3.2.6.tgz 0ms (cache hit)
793 http cache chokidar@https://registry.npmjs.org/chokidar/-/chokidar-3.6.0.tgz 0ms (cache hit)
794 http cache chalk@https://registry.npmjs.org/chalk/-/chalk-3.0.0.tgz 0ms (cache hit)
795 http cache braces@https://registry.npmjs.org/braces/-/braces-3.0.3.tgz 0ms (cache hit)
796 http cache buffer-from@https://registry.npmjs.org/buffer-from/-/buffer-from-1.1.2.tgz 0ms (cache hit)
797 http cache binary-extensions@https://registry.npmjs.org/binary-extensions/-/binary-extensions-2.3.0.tgz 0ms (cache hit)
798 http cache bodec@https://registry.npmjs.org/bodec/-/bodec-0.1.0.tgz 0ms (cache hit)
799 http cache basic-ftp@https://registry.npmjs.org/basic-ftp/-/basic-ftp-5.1.0.tgz 0ms (cache hit)
800 http cache ast-types@https://registry.npmjs.org/ast-types/-/ast-types-0.13.4.tgz 0ms (cache hit)
801 http cache ansi-colors@https://registry.npmjs.org/ansi-colors/-/ansi-colors-4.1.3.tgz 0ms (cache hit)
802 http cache agent-base@https://registry.npmjs.org/agent-base/-/agent-base-7.1.4.tgz 0ms (cache hit)
803 http cache tslib@https://registry.npmjs.org/tslib/-/tslib-2.8.1.tgz 0ms (cache hit)
804 http cache ansi-styles@https://registry.npmjs.org/ansi-styles/-/ansi-styles-4.3.0.tgz 0ms (cache hit)
805 http cache anymatch@https://registry.npmjs.org/anymatch/-/anymatch-3.1.3.tgz 0ms (cache hit)
806 http cache amp-message@https://registry.npmjs.org/amp-message/-/amp-message-0.1.2.tgz 0ms (cache hit)
807 http cache ansis@https://registry.npmjs.org/ansis/-/ansis-4.0.0-node10.tgz 0ms (cache hit)
808 http cache amp@https://registry.npmjs.org/amp/-/amp-0.3.1.tgz 0ms (cache hit)
809 http cache function-bind@https://registry.npmjs.org/function-bind/-/function-bind-1.1.2.tgz 0ms (cache hit)
810 silly CHANGE node_modules/pm2
811 silly ADD
812 silly CHANGE node_modules/pm2/node_modules/@pm2/blessed
813 silly CHANGE node_modules/pm2/node_modules/@tootallnate/quickjs-emscripten
814 silly CHANGE node_modules/pm2/node_modules/supports-preserve-symlinks-flag
815 silly CHANGE node_modules/pm2/node_modules/@pm2/io
816 silly CHANGE node_modules/pm2/node_modules/@pm2/io/node_modules/semver
817 silly CHANGE node_modules/pm2/node_modules/@pm2/io/node_modules/lru-cache
818 silly CHANGE node_modules/pm2/node_modules/@pm2/io/node_modules/async
819 silly CHANGE node_modules/pm2/node_modules/@pm2/io/node_modules/eventemitter2
820 silly CHANGE node_modules/pm2/node_modules/@pm2/io/node_modules/debug
821 silly CHANGE node_modules/pm2/node_modules/@pm2/pm2-version-check
822 silly CHANGE node_modules/pm2/node_modules/yallist
823 silly CHANGE node_modules/pm2/node_modules/vizion
824 silly CHANGE node_modules/pm2/node_modules/vizion/node_modules/async
825 silly CHANGE node_modules/pm2/node_modules/@pm2/js-api
826 silly CHANGE node_modules/pm2/node_modules/@pm2/js-api/node_modules/eventemitter2
827 silly CHANGE node_modules/pm2/node_modules/@pm2/js-api/node_modules/async
828 silly CHANGE node_modules/pm2/node_modules/@pm2/js-api/node_modules/debug
829 silly CHANGE node_modules/pm2/node_modules/tx2
830 silly CHANGE node_modules/pm2/node_modules/@pm2/agent
831 silly CHANGE node_modules/pm2/node_modules/@pm2/agent/node_modules/dayjs
832 silly CHANGE node_modules/pm2/node_modules/@pm2/agent/node_modules/lru-cache
833 silly CHANGE node_modules/pm2/node_modules/@pm2/agent/node_modules/semver
834 silly CHANGE node_modules/pm2/node_modules/@pm2/agent/node_modules/debug
835 silly CHANGE node_modules/pm2/node_modules/tv4
836 silly CHANGE node_modules/pm2/node_modules/to-regex-range
837 silly CHANGE node_modules/pm2/node_modules/ws
838 silly CHANGE node_modules/pm2/node_modules/tslib
839 silly CHANGE node_modules/pm2/node_modules/systeminformation
840 silly CHANGE node_modules/pm2/node_modules/sprintf-js
841 silly CHANGE node_modules/pm2/node_modules/socks-proxy-agent
842 silly CHANGE node_modules/pm2/node_modules/socks
843 silly CHANGE node_modules/pm2/node_modules/supports-color
844 silly CHANGE node_modules/pm2/node_modules/source-map-support
845 silly CHANGE node_modules/pm2/node_modules/shimmer
846 silly CHANGE node_modules/pm2/node_modules/safer-buffer
847 silly CHANGE node_modules/pm2/node_modules/source-map
848 silly CHANGE node_modules/pm2/node_modules/resolve
849 silly CHANGE node_modules/pm2/node_modules/safe-buffer
850 silly CHANGE node_modules/pm2/node_modules/smart-buffer
851 silly CHANGE node_modules/pm2/node_modules/semver
852 silly CHANGE node_modules/pm2/node_modules/signal-exit
853 silly CHANGE node_modules/pm2/node_modules/readdirp
854 silly CHANGE node_modules/pm2/node_modules/promptly
855 silly CHANGE node_modules/pm2/node_modules/sax
856 silly CHANGE node_modules/pm2/node_modules/run-series
857 silly CHANGE node_modules/pm2/node_modules/require-in-the-middle
858 silly CHANGE node_modules/pm2/node_modules/proxy-agent
859 silly CHANGE node_modules/pm2/node_modules/pm2-deploy
860 silly CHANGE node_modules/pm2/node_modules/pm2-multimeter
861 silly CHANGE node_modules/pm2/node_modules/proxy-from-env
862 silly CHANGE node_modules/pm2/node_modules/read
863 silly CHANGE node_modules/pm2/node_modules/pm2-sysmonit
864 silly CHANGE node_modules/pm2/node_modules/pm2-sysmonit/node_modules/pidusage
865 silly CHANGE node_modules/pm2/node_modules/module-details-from-path
866 silly CHANGE node_modules/pm2/node_modules/pidusage
867 silly CHANGE node_modules/pm2/node_modules/pac-resolver
868 silly CHANGE node_modules/pm2/node_modules/pac-proxy-agent
869 silly CHANGE node_modules/pm2/node_modules/pm2-axon-rpc
870 silly CHANGE node_modules/pm2/node_modules/pm2-axon
871 silly CHANGE node_modules/pm2/node_modules/picomatch
872 silly CHANGE node_modules/pm2/node_modules/netmask
873 silly CHANGE node_modules/pm2/node_modules/path-parse
874 silly CHANGE node_modules/pm2/node_modules/pako
875 silly CHANGE node_modules/pm2/node_modules/js-yaml
876 silly CHANGE node_modules/pm2/node_modules/ip-address
877 silly CHANGE node_modules/pm2/node_modules/lodash
878 silly CHANGE node_modules/pm2/node_modules/normalize-path
879 silly CHANGE node_modules/pm2/node_modules/mute-stream
880 silly CHANGE node_modules/pm2/node_modules/function-bind
881 silly CHANGE node_modules/pm2/node_modules/needle
882 silly CHANGE node_modules/pm2/node_modules/needle/node_modules/debug
883 silly CHANGE node_modules/pm2/node_modules/ms
884 silly CHANGE node_modules/pm2/node_modules/mkdirp
885 silly CHANGE node_modules/pm2/node_modules/lru-cache
886 silly CHANGE node_modules/pm2/node_modules/js-git
887 silly CHANGE node_modules/pm2/node_modules/is-number
888 silly CHANGE node_modules/pm2/node_modules/json-stringify-safe
889 silly CHANGE node_modules/pm2/node_modules/is-extglob
890 silly CHANGE node_modules/pm2/node_modules/is-core-module
891 silly CHANGE node_modules/pm2/node_modules/git-node-fs
892 silly CHANGE node_modules/pm2/node_modules/is-glob
893 silly CHANGE node_modules/pm2/node_modules/is-binary-path
894 silly CHANGE node_modules/pm2/node_modules/iconv-lite
895 silly CHANGE node_modules/pm2/node_modules/ini
896 silly CHANGE node_modules/pm2/node_modules/eventemitter2
897 silly CHANGE node_modules/pm2/node_modules/http-proxy-agent
898 silly CHANGE node_modules/pm2/node_modules/https-proxy-agent
899 silly CHANGE node_modules/pm2/node_modules/hasown
900 silly CHANGE node_modules/pm2/node_modules/get-uri
901 silly CHANGE node_modules/pm2/node_modules/glob-parent
902 silly CHANGE node_modules/pm2/node_modules/git-sha1
903 silly CHANGE node_modules/pm2/node_modules/has-flag
904 silly CHANGE node_modules/pm2/node_modules/fill-range
905 silly CHANGE node_modules/pm2/node_modules/fast-json-patch
906 silly CHANGE node_modules/pm2/node_modules/follow-redirects
907 silly CHANGE node_modules/pm2/node_modules/fclone
908 silly CHANGE node_modules/pm2/node_modules/enquirer
909 silly CHANGE node_modules/pm2/node_modules/extrareqp2
910 silly CHANGE node_modules/pm2/node_modules/escape-string-regexp
911 silly CHANGE node_modules/pm2/node_modules/estraverse
912 silly CHANGE node_modules/pm2/node_modules/esutils
913 silly CHANGE node_modules/pm2/node_modules/esprima
914 silly CHANGE node_modules/pm2/node_modules/escodegen
915 silly CHANGE node_modules/pm2/node_modules/data-uri-to-buffer
916 silly CHANGE node_modules/pm2/node_modules/degenerator
917 silly CHANGE node_modules/pm2/node_modules/color-convert
918 silly CHANGE node_modules/pm2/node_modules/croner
919 silly CHANGE node_modules/pm2/node_modules/culvert
920 silly CHANGE node_modules/pm2/node_modules/dayjs
921 silly CHANGE node_modules/pm2/node_modules/debug
922 silly CHANGE node_modules/pm2/node_modules/color-name
923 silly CHANGE node_modules/pm2/node_modules/argparse
924 silly CHANGE node_modules/pm2/node_modules/commander
925 silly CHANGE node_modules/pm2/node_modules/charm
926 silly CHANGE node_modules/pm2/node_modules/cli-tableau
927 silly CHANGE node_modules/pm2/node_modules/async
928 silly CHANGE node_modules/pm2/node_modules/chokidar
929 silly CHANGE node_modules/pm2/node_modules/chalk
930 silly CHANGE node_modules/pm2/node_modules/braces
931 silly CHANGE node_modules/pm2/node_modules/buffer-from
932 silly CHANGE node_modules/pm2/node_modules/binary-extensions
933 silly CHANGE node_modules/pm2/node_modules/bodec
934 silly CHANGE node_modules/pm2/node_modules/basic-ftp
935 silly CHANGE node_modules/pm2/node_modules/ansi-colors
936 silly CHANGE node_modules/pm2/node_modules/ast-types
937 silly CHANGE node_modules/pm2/node_modules/ast-types/node_modules/tslib
938 silly CHANGE node_modules/pm2/node_modules/agent-base
939 silly CHANGE node_modules/pm2/node_modules/anymatch
940 silly CHANGE node_modules/pm2/node_modules/ansi-styles
941 silly CHANGE node_modules/pm2/node_modules/amp-message
942 silly CHANGE node_modules/pm2/node_modules/ansis
943 silly CHANGE node_modules/pm2/node_modules/amp
944 verbose cwd /root/streamflow
945 verbose os Linux 5.15.0-164-generic
946 verbose node v22.21.0
947 verbose npm  v10.9.4
948 verbose exit 0
949 info ok
