0 verbose cli /usr/bin/node /usr/bin/npm
1 info using npm@10.9.4
2 info using node@v22.21.0
3 silly config load:file:/usr/lib/node_modules/npm/npmrc
4 silly config load:file:/root/.npmrc
5 silly config load:file:/usr/etc/npmrc
6 verbose title npm install pm2
7 verbose argv "install" "--global" "pm2"
8 verbose logfile logs-max:10 dir:/root/.npm/_logs/2026-01-11T04_30_04_213Z-
9 verbose logfile /root/.npm/_logs/2026-01-11T04_30_04_213Z-debug-0.log
10 silly packumentCache heap:2197815296 maxSize:549453824 maxEntrySize:274726912
11 silly logfile start cleaning logs, removing 1 files
12 silly logfile done cleaning log files
13 silly idealTree buildDeps
14 silly fetch manifest pm2@*
15 silly packumentCache full:https://registry.npmjs.org/pm2 cache-miss
16 http fetch GET 200 https://registry.npmjs.org/pm2 392ms (cache revalidated)
17 silly packumentCache full:https://registry.npmjs.org/pm2 set size:1051878 disposed:false
18 silly placeDep ROOT pm2@6.0.14 OK for:  want: *
19 silly fetch manifest @pm2/agent@~2.1.1
20 silly packumentCache full:https://registry.npmjs.org/@pm2%2fagent cache-miss
21 silly fetch manifest @pm2/js-api@~0.8.0
22 silly packumentCache full:https://registry.npmjs.org/@pm2%2fjs-api cache-miss
23 silly fetch manifest @pm2/io@~6.1.0
24 silly packumentCache full:https://registry.npmjs.org/@pm2%2fio cache-miss
25 http fetch GET 200 https://registry.npmjs.org/@pm2%2fio 52ms (cache revalidated)
26 silly packumentCache full:https://registry.npmjs.org/@pm2%2fio set size:523015 disposed:false
27 silly fetch manifest @pm2/pm2-version-check@^1.0.4
28 silly packumentCache full:https://registry.npmjs.org/@pm2%2fpm2-version-check cache-miss
29 http fetch GET 200 https://registry.npmjs.org/@pm2%2fpm2-version-check 47ms (cache revalidated)
30 silly packumentCache full:https://registry.npmjs.org/@pm2%2fpm2-version-check set size:11335 disposed:false
31 silly fetch manifest ansis@4.0.0-node10
32 silly packumentCache full:https://registry.npmjs.org/ansis cache-miss
33 http fetch GET 200 https://registry.npmjs.org/ansis 40ms (cache revalidated)
34 silly packumentCache full:https://registry.npmjs.org/ansis set size:213062 disposed:false
35 silly fetch manifest async@3.2.6
36 silly packumentCache full:https://registry.npmjs.org/async cache-miss
37 http fetch GET 200 https://registry.npmjs.org/async 50ms (cache revalidated)
38 silly packumentCache full:https://registry.npmjs.org/async set size:230496 disposed:false
39 silly fetch manifest @pm2/blessed@0.1.81
40 silly packumentCache full:https://registry.npmjs.org/@pm2%2fblessed cache-miss
41 http fetch GET 200 https://registry.npmjs.org/@pm2%2fblessed 50ms (cache revalidated)
42 silly packumentCache full:https://registry.npmjs.org/@pm2%2fblessed set size:70238 disposed:false
43 silly fetch manifest chokidar@3.6.0
44 silly packumentCache full:https://registry.npmjs.org/chokidar cache-miss
45 http fetch GET 200 https://registry.npmjs.org/chokidar 43ms (cache revalidated)
46 silly packumentCache full:https://registry.npmjs.org/chokidar set size:255902 disposed:false
47 silly fetch manifest cli-tableau@2.0.1
48 silly packumentCache full:https://registry.npmjs.org/cli-tableau cache-miss
49 http fetch GET 200 https://registry.npmjs.org/@pm2%2fagent 333ms (cache revalidated)
50 silly packumentCache full:https://registry.npmjs.org/@pm2%2fagent set size:110996 disposed:false
51 silly fetch manifest commander@2.15.1
52 silly packumentCache full:https://registry.npmjs.org/commander cache-miss
53 http fetch GET 200 https://registry.npmjs.org/@pm2%2fjs-api 343ms (cache revalidated)
54 silly packumentCache full:https://registry.npmjs.org/@pm2%2fjs-api set size:219753 disposed:false
55 silly fetch manifest croner@4.1.97
56 silly packumentCache full:https://registry.npmjs.org/croner cache-miss
57 http fetch GET 200 https://registry.npmjs.org/cli-tableau 33ms (cache revalidated)
58 silly packumentCache full:https://registry.npmjs.org/cli-tableau set size:9593 disposed:false
59 silly fetch manifest dayjs@1.11.15
60 silly packumentCache full:https://registry.npmjs.org/dayjs cache-miss
61 http fetch GET 200 https://registry.npmjs.org/croner 34ms (cache revalidated)
62 silly packumentCache full:https://registry.npmjs.org/croner set size:713886 disposed:false
63 silly fetch manifest debug@4.4.3
64 silly packumentCache full:https://registry.npmjs.org/debug cache-miss
65 http fetch GET 200 https://registry.npmjs.org/dayjs 45ms (cache revalidated)
66 silly packumentCache full:https://registry.npmjs.org/dayjs set size:483478 disposed:false
67 silly fetch manifest enquirer@2.3.6
68 silly packumentCache full:https://registry.npmjs.org/enquirer cache-miss
69 http fetch GET 200 https://registry.npmjs.org/commander 72ms (cache revalidated)
70 silly packumentCache full:https://registry.npmjs.org/commander set size:345426 disposed:false
71 silly fetch manifest eventemitter2@5.0.1
72 silly packumentCache full:https://registry.npmjs.org/eventemitter2 cache-miss
73 http fetch GET 200 https://registry.npmjs.org/debug 60ms (cache revalidated)
74 silly packumentCache full:https://registry.npmjs.org/debug set size:195840 disposed:false
75 silly fetch manifest fclone@1.0.11
76 silly packumentCache full:https://registry.npmjs.org/fclone cache-miss
77 http fetch GET 200 https://registry.npmjs.org/enquirer 51ms (cache revalidated)
78 silly packumentCache full:https://registry.npmjs.org/enquirer set size:203040 disposed:false
79 silly fetch manifest mkdirp@1.0.4
80 silly packumentCache full:https://registry.npmjs.org/mkdirp cache-miss
81 http fetch GET 200 https://registry.npmjs.org/eventemitter2 48ms (cache revalidated)
82 silly packumentCache full:https://registry.npmjs.org/eventemitter2 set size:172525 disposed:false
83 silly fetch manifest needle@2.4.0
84 silly packumentCache full:https://registry.npmjs.org/needle cache-miss
85 http fetch GET 200 https://registry.npmjs.org/fclone 34ms (cache revalidated)
86 silly packumentCache full:https://registry.npmjs.org/fclone set size:19653 disposed:false
87 silly fetch manifest pidusage@3.0.2
88 silly packumentCache full:https://registry.npmjs.org/pidusage cache-miss
89 http fetch GET 200 https://registry.npmjs.org/mkdirp 30ms (cache revalidated)
90 silly packumentCache full:https://registry.npmjs.org/mkdirp set size:116455 disposed:false
91 silly fetch manifest pm2-axon@~4.0.1
92 silly packumentCache full:https://registry.npmjs.org/pm2-axon cache-miss
93 http fetch GET 200 https://registry.npmjs.org/needle 39ms (cache revalidated)
94 silly packumentCache full:https://registry.npmjs.org/needle set size:227370 disposed:false
95 silly fetch manifest pm2-axon-rpc@~0.7.1
96 silly packumentCache full:https://registry.npmjs.org/pm2-axon-rpc cache-miss
97 http fetch GET 200 https://registry.npmjs.org/pidusage 41ms (cache revalidated)
98 silly packumentCache full:https://registry.npmjs.org/pidusage set size:111034 disposed:false
99 silly fetch manifest pm2-deploy@~1.0.2
100 silly packumentCache full:https://registry.npmjs.org/pm2-deploy cache-miss
101 http fetch GET 200 https://registry.npmjs.org/pm2-axon 40ms (cache revalidated)
102 silly packumentCache full:https://registry.npmjs.org/pm2-axon set size:44221 disposed:false
103 silly fetch manifest pm2-multimeter@^0.1.2
104 silly packumentCache full:https://registry.npmjs.org/pm2-multimeter cache-miss
105 http fetch GET 200 https://registry.npmjs.org/pm2-axon-rpc 31ms (cache revalidated)
106 silly packumentCache full:https://registry.npmjs.org/pm2-axon-rpc set size:41743 disposed:false
107 silly fetch manifest promptly@2.2.0
108 silly packumentCache full:https://registry.npmjs.org/promptly cache-miss
109 http fetch GET 200 https://registry.npmjs.org/pm2-multimeter 31ms (cache revalidated)
110 silly packumentCache full:https://registry.npmjs.org/pm2-multimeter set size:7686 disposed:false
111 silly fetch manifest semver@7.7.2
112 silly packumentCache full:https://registry.npmjs.org/semver cache-miss
113 http fetch GET 200 https://registry.npmjs.org/pm2-deploy 39ms (cache revalidated)
114 silly packumentCache full:https://registry.npmjs.org/pm2-deploy set size:43526 disposed:false
115 silly fetch manifest source-map-support@0.5.21
116 silly packumentCache full:https://registry.npmjs.org/source-map-support cache-miss
117 http fetch GET 200 https://registry.npmjs.org/promptly 37ms (cache revalidated)
118 silly packumentCache full:https://registry.npmjs.org/promptly set size:37330 disposed:false
119 silly fetch manifest sprintf-js@1.1.2
120 silly packumentCache full:https://registry.npmjs.org/sprintf-js cache-miss
121 http fetch GET 200 https://registry.npmjs.org/source-map-support 39ms (cache revalidated)
122 silly packumentCache full:https://registry.npmjs.org/source-map-support set size:125488 disposed:false
123 silly fetch manifest vizion@~2.2.1
124 silly packumentCache full:https://registry.npmjs.org/vizion cache-miss
125 http fetch GET 200 https://registry.npmjs.org/semver 45ms (cache revalidated)
126 silly packumentCache full:https://registry.npmjs.org/semver set size:226907 disposed:false
127 silly fetch manifest js-yaml@4.1.1
128 silly packumentCache full:https://registry.npmjs.org/js-yaml cache-miss
129 http fetch GET 200 https://registry.npmjs.org/sprintf-js 36ms (cache revalidated)
130 silly packumentCache full:https://registry.npmjs.org/sprintf-js set size:20495 disposed:false
131 silly fetch manifest pm2-sysmonit@^1.2.8
132 silly packumentCache full:https://registry.npmjs.org/pm2-sysmonit cache-miss
133 http fetch GET 200 https://registry.npmjs.org/vizion 34ms (cache revalidated)
134 silly packumentCache full:https://registry.npmjs.org/vizion set size:64651 disposed:false
135 http fetch GET 200 https://registry.npmjs.org/js-yaml 38ms (cache revalidated)
136 silly packumentCache full:https://registry.npmjs.org/js-yaml set size:152232 disposed:false
137 http fetch GET 200 https://registry.npmjs.org/pm2-sysmonit 37ms (cache revalidated)
138 silly packumentCache full:https://registry.npmjs.org/pm2-sysmonit set size:42261 disposed:false
139 silly placeDep node_modules/pm2 @pm2/agent@2.1.1 OK for: pm2@6.0.14 want: ~2.1.1
140 silly placeDep node_modules/pm2 @pm2/blessed@0.1.81 OK for: pm2@6.0.14 want: 0.1.81
141 silly placeDep node_modules/pm2 @pm2/io@6.1.0 OK for: pm2@6.0.14 want: ~6.1.0
142 silly placeDep node_modules/pm2 @pm2/js-api@0.8.0 OK for: pm2@6.0.14 want: ~0.8.0
143 silly placeDep node_modules/pm2 @pm2/pm2-version-check@1.0.4 OK for: pm2@6.0.14 want: ^1.0.4
144 silly placeDep node_modules/pm2 ansis@4.0.0-node10 OK for: pm2@6.0.14 want: 4.0.0-node10
145 silly placeDep node_modules/pm2 async@3.2.6 OK for: pm2@6.0.14 want: 3.2.6
146 silly placeDep node_modules/pm2 chokidar@3.6.0 OK for: pm2@6.0.14 want: 3.6.0
147 silly placeDep node_modules/pm2 cli-tableau@2.0.1 OK for: pm2@6.0.14 want: 2.0.1
148 silly placeDep node_modules/pm2 commander@2.15.1 OK for: pm2@6.0.14 want: 2.15.1
149 silly placeDep node_modules/pm2 croner@4.1.97 OK for: pm2@6.0.14 want: 4.1.97
150 silly placeDep node_modules/pm2 dayjs@1.11.15 OK for: pm2@6.0.14 want: 1.11.15
151 silly placeDep node_modules/pm2 debug@4.4.3 OK for: pm2@6.0.14 want: 4.4.3
152 silly placeDep node_modules/pm2 enquirer@2.3.6 OK for: pm2@6.0.14 want: 2.3.6
153 silly placeDep node_modules/pm2 eventemitter2@5.0.1 OK for: pm2@6.0.14 want: 5.0.1
154 silly placeDep node_modules/pm2 fclone@1.0.11 OK for: pm2@6.0.14 want: 1.0.11
155 silly placeDep node_modules/pm2 js-yaml@4.1.1 OK for: pm2@6.0.14 want: 4.1.1
156 silly placeDep node_modules/pm2 mkdirp@1.0.4 OK for: pm2@6.0.14 want: 1.0.4
157 silly placeDep node_modules/pm2 needle@2.4.0 OK for: pm2@6.0.14 want: 2.4.0
158 silly placeDep node_modules/pm2 pidusage@3.0.2 OK for: pm2@6.0.14 want: 3.0.2
159 silly placeDep node_modules/pm2 pm2-axon@4.0.1 OK for: pm2@6.0.14 want: ~4.0.1
160 silly placeDep node_modules/pm2 pm2-axon-rpc@0.7.1 OK for: pm2@6.0.14 want: ~0.7.1
161 silly placeDep node_modules/pm2 pm2-deploy@1.0.2 OK for: pm2@6.0.14 want: ~1.0.2
162 silly placeDep node_modules/pm2 pm2-multimeter@0.1.2 OK for: pm2@6.0.14 want: ^0.1.2
163 silly placeDep node_modules/pm2 pm2-sysmonit@1.2.8 OK for: pm2@6.0.14 want: ^1.2.8
164 silly placeDep node_modules/pm2 promptly@2.2.0 OK for: pm2@6.0.14 want: 2.2.0
165 silly placeDep node_modules/pm2 semver@7.7.2 OK for: pm2@6.0.14 want: 7.7.2
166 silly placeDep node_modules/pm2 source-map-support@0.5.21 OK for: pm2@6.0.14 want: 0.5.21
167 silly placeDep node_modules/pm2 sprintf-js@1.1.2 OK for: pm2@6.0.14 want: 1.1.2
168 silly placeDep node_modules/pm2 vizion@2.2.1 OK for: pm2@6.0.14 want: ~2.2.1
169 silly fetch manifest async@~3.2.0
170 silly packumentCache full:https://registry.npmjs.org/async cache-hit
171 silly fetch manifest chalk@~3.0.0
172 silly packumentCache full:https://registry.npmjs.org/chalk cache-miss
173 silly fetch manifest dayjs@~1.8.24
174 silly packumentCache full:https://registry.npmjs.org/dayjs cache-hit
175 silly fetch manifest debug@~4.3.1
176 silly packumentCache full:https://registry.npmjs.org/debug cache-hit
177 silly fetch manifest eventemitter2@~5.0.1
178 silly packumentCache full:https://registry.npmjs.org/eventemitter2 cache-hit
179 silly fetch manifest fast-json-patch@^3.1.0
180 silly packumentCache full:https://registry.npmjs.org/fast-json-patch cache-miss
181 silly fetch manifest fclone@~1.0.11
182 silly packumentCache full:https://registry.npmjs.org/fclone cache-hit
183 silly fetch manifest pm2-axon-rpc@~0.7.0
184 silly packumentCache full:https://registry.npmjs.org/pm2-axon-rpc cache-hit
185 silly fetch manifest proxy-agent@~6.4.0
186 silly packumentCache full:https://registry.npmjs.org/proxy-agent cache-miss
187 http fetch GET 200 https://registry.npmjs.org/chalk 49ms (cache revalidated)
188 silly packumentCache full:https://registry.npmjs.org/chalk set size:117861 disposed:false
189 silly fetch manifest semver@~7.5.0
190 silly packumentCache full:https://registry.npmjs.org/semver cache-hit
191 silly fetch manifest ws@~7.5.10
192 silly packumentCache full:https://registry.npmjs.org/ws cache-miss
193 http fetch GET 200 https://registry.npmjs.org/fast-json-patch 53ms (cache revalidated)
194 silly packumentCache full:https://registry.npmjs.org/fast-json-patch set size:129532 disposed:false
195 silly fetch manifest async@~2.6.1
196 silly packumentCache full:https://registry.npmjs.org/async cache-hit
197 silly fetch manifest eventemitter2@^6.3.1
198 silly packumentCache full:https://registry.npmjs.org/eventemitter2 cache-hit
199 silly fetch manifest require-in-the-middle@^5.0.0
200 silly packumentCache full:https://registry.npmjs.org/require-in-the-middle cache-miss
201 http fetch GET 200 https://registry.npmjs.org/proxy-agent 62ms (cache revalidated)
202 silly packumentCache full:https://registry.npmjs.org/proxy-agent set size:70579 disposed:false
203 silly fetch manifest semver@~7.5.4
204 silly packumentCache full:https://registry.npmjs.org/semver cache-hit
205 silly fetch manifest shimmer@^1.2.0
206 silly packumentCache full:https://registry.npmjs.org/shimmer cache-miss
207 http fetch GET 200 https://registry.npmjs.org/ws 51ms (cache revalidated)
208 silly packumentCache full:https://registry.npmjs.org/ws set size:413307 disposed:false
209 silly fetch manifest signal-exit@^3.0.3
210 silly packumentCache full:https://registry.npmjs.org/signal-exit cache-miss
211 http fetch GET 200 https://registry.npmjs.org/shimmer 44ms (cache revalidated)
212 silly packumentCache full:https://registry.npmjs.org/shimmer set size:22336 disposed:false
213 silly fetch manifest tslib@1.9.3
214 silly packumentCache full:https://registry.npmjs.org/tslib cache-miss
215 http fetch GET 200 https://registry.npmjs.org/require-in-the-middle 56ms (cache revalidated)
216 silly packumentCache full:https://registry.npmjs.org/require-in-the-middle set size:87691 disposed:false
217 silly fetch manifest async@^2.6.3
218 silly packumentCache full:https://registry.npmjs.org/async cache-hit
219 silly fetch manifest extrareqp2@^1.0.0
220 silly packumentCache full:https://registry.npmjs.org/extrareqp2 cache-miss
221 http fetch GET 200 https://registry.npmjs.org/extrareqp2 34ms (cache revalidated)
222 silly packumentCache full:https://registry.npmjs.org/extrareqp2 set size:33058 disposed:false
223 silly fetch manifest ws@^7.0.0
224 silly packumentCache full:https://registry.npmjs.org/ws cache-hit
225 silly fetch manifest debug@^4.3.1
226 silly packumentCache full:https://registry.npmjs.org/debug cache-hit
227 silly fetch manifest braces@~3.0.2
228 silly packumentCache full:https://registry.npmjs.org/braces cache-miss
229 http fetch GET 200 https://registry.npmjs.org/signal-exit 49ms (cache revalidated)
230 silly packumentCache full:https://registry.npmjs.org/signal-exit set size:53489 disposed:false
231 silly fetch manifest is-glob@~4.0.1
232 silly packumentCache full:https://registry.npmjs.org/is-glob cache-miss
233 http fetch GET 200 https://registry.npmjs.org/tslib 45ms (cache revalidated)
234 silly packumentCache full:https://registry.npmjs.org/tslib set size:108760 disposed:false
235 silly fetch manifest anymatch@~3.1.2
236 silly packumentCache full:https://registry.npmjs.org/anymatch cache-miss
237 http fetch GET 200 https://registry.npmjs.org/braces 32ms (cache revalidated)
238 silly packumentCache full:https://registry.npmjs.org/braces set size:114529 disposed:false
239 silly fetch manifest readdirp@~3.6.0
240 silly packumentCache full:https://registry.npmjs.org/readdirp cache-miss
241 http fetch GET 200 https://registry.npmjs.org/is-glob 36ms (cache revalidated)
242 silly packumentCache full:https://registry.npmjs.org/is-glob set size:40530 disposed:false
243 silly fetch manifest glob-parent@~5.1.2
244 silly packumentCache full:https://registry.npmjs.org/glob-parent cache-miss
245 http fetch GET 200 https://registry.npmjs.org/anymatch 34ms (cache revalidated)
246 silly packumentCache full:https://registry.npmjs.org/anymatch set size:42974 disposed:false
247 silly fetch manifest is-binary-path@~2.1.0
248 silly packumentCache full:https://registry.npmjs.org/is-binary-path cache-miss
249 http fetch GET 200 https://registry.npmjs.org/readdirp 39ms (cache revalidated)
250 silly packumentCache full:https://registry.npmjs.org/readdirp set size:107589 disposed:false
251 silly fetch manifest normalize-path@~3.0.0
252 silly packumentCache full:https://registry.npmjs.org/normalize-path cache-miss
253 http fetch GET 200 https://registry.npmjs.org/glob-parent 47ms (cache revalidated)
254 silly packumentCache full:https://registry.npmjs.org/glob-parent set size:42445 disposed:false
255 silly fetch manifest fsevents@~2.3.2
256 silly packumentCache full:https://registry.npmjs.org/fsevents cache-miss
257 http fetch GET 200 https://registry.npmjs.org/is-binary-path 48ms (cache revalidated)
258 silly packumentCache full:https://registry.npmjs.org/is-binary-path set size:13475 disposed:false
259 silly fetch manifest chalk@3.0.0
260 silly packumentCache full:https://registry.npmjs.org/chalk cache-hit
261 silly fetch manifest ms@^2.1.3
262 silly packumentCache full:https://registry.npmjs.org/ms cache-miss
263 http fetch GET 200 https://registry.npmjs.org/normalize-path 40ms (cache revalidated)
264 silly packumentCache full:https://registry.npmjs.org/normalize-path set size:28713 disposed:false
265 silly fetch manifest ansi-colors@^4.1.1
266 silly packumentCache full:https://registry.npmjs.org/ansi-colors cache-miss
267 http fetch GET 200 https://registry.npmjs.org/fsevents 33ms (cache revalidated)
268 silly packumentCache full:https://registry.npmjs.org/fsevents set size:182472 disposed:false
269 silly fetch manifest argparse@^2.0.1
270 silly packumentCache full:https://registry.npmjs.org/argparse cache-miss
271 http fetch GET 200 https://registry.npmjs.org/ms 36ms (cache revalidated)
272 silly packumentCache full:https://registry.npmjs.org/ms set size:92208 disposed:false
273 silly fetch manifest debug@^3.2.6
274 silly packumentCache full:https://registry.npmjs.org/debug cache-hit
275 silly fetch manifest iconv-lite@^0.4.4
276 silly packumentCache full:https://registry.npmjs.org/iconv-lite cache-miss
277 http fetch GET 200 https://registry.npmjs.org/ansi-colors 37ms (cache revalidated)
278 silly packumentCache full:https://registry.npmjs.org/ansi-colors set size:110876 disposed:false
279 silly fetch manifest sax@^1.2.4
280 silly packumentCache full:https://registry.npmjs.org/sax cache-miss
281 http fetch GET 200 https://registry.npmjs.org/argparse 39ms (cache revalidated)
282 silly packumentCache full:https://registry.npmjs.org/argparse set size:49266 disposed:false
283 silly fetch manifest safe-buffer@^5.2.1
284 silly packumentCache full:https://registry.npmjs.org/safe-buffer cache-miss
285 http fetch GET 200 https://registry.npmjs.org/iconv-lite 37ms (cache revalidated)
286 silly packumentCache full:https://registry.npmjs.org/iconv-lite set size:120557 disposed:false
287 silly fetch manifest amp@~0.3.1
288 silly packumentCache full:https://registry.npmjs.org/amp cache-miss
289 http fetch GET 200 https://registry.npmjs.org/sax 34ms (cache revalidated)
290 silly packumentCache full:https://registry.npmjs.org/sax set size:87969 disposed:false
291 silly fetch manifest amp-message@~0.1.1
292 silly packumentCache full:https://registry.npmjs.org/amp-message cache-miss
293 http fetch GET 200 https://registry.npmjs.org/amp 28ms (cache revalidated)
294 silly packumentCache full:https://registry.npmjs.org/amp set size:6794 disposed:false
295 silly fetch manifest escape-string-regexp@^4.0.0
296 silly packumentCache full:https://registry.npmjs.org/escape-string-regexp cache-miss
297 http fetch GET 200 https://registry.npmjs.org/safe-buffer 33ms (cache revalidated)
298 silly packumentCache full:https://registry.npmjs.org/safe-buffer set size:41183 disposed:false
299 silly fetch manifest run-series@^1.1.8
300 silly packumentCache full:https://registry.npmjs.org/run-series cache-miss
301 http fetch GET 200 https://registry.npmjs.org/run-series 31ms (cache revalidated)
302 silly packumentCache full:https://registry.npmjs.org/run-series set size:35375 disposed:false
303 silly fetch manifest tv4@^1.3.0
304 silly packumentCache full:https://registry.npmjs.org/tv4 cache-miss
305 http fetch GET 200 https://registry.npmjs.org/escape-string-regexp 35ms (cache revalidated)
306 silly packumentCache full:https://registry.npmjs.org/escape-string-regexp set size:22244 disposed:false
307 silly fetch manifest charm@~0.1.1
308 silly packumentCache full:https://registry.npmjs.org/charm cache-miss
309 http fetch GET 200 https://registry.npmjs.org/charm 31ms (cache revalidated)
310 silly packumentCache full:https://registry.npmjs.org/charm set size:27884 disposed:false
311 silly fetch manifest pidusage@^2.0.21
312 silly packumentCache full:https://registry.npmjs.org/pidusage cache-hit
313 silly fetch manifest systeminformation@^5.7
314 silly packumentCache full:https://registry.npmjs.org/systeminformation cache-miss
315 http fetch GET 200 https://registry.npmjs.org/systeminformation 60ms (cache revalidated)
316 silly packumentCache full:https://registry.npmjs.org/systeminformation set size:2281953 disposed:false
317 silly fetch manifest tx2@~1.0.4
318 silly packumentCache full:https://registry.npmjs.org/tx2 cache-miss
319 http fetch GET 200 https://registry.npmjs.org/amp-message 180ms (cache revalidated)
320 silly packumentCache full:https://registry.npmjs.org/amp-message set size:6704 disposed:false
321 silly fetch manifest read@^1.0.4
322 silly packumentCache full:https://registry.npmjs.org/read cache-miss
323 http fetch GET 200 https://registry.npmjs.org/tx2 36ms (cache revalidated)
324 silly packumentCache full:https://registry.npmjs.org/tx2 set size:7551 disposed:false
325 silly fetch manifest buffer-from@^1.0.0
326 silly packumentCache full:https://registry.npmjs.org/buffer-from cache-miss
327 http fetch GET 200 https://registry.npmjs.org/read 27ms (cache revalidated)
328 silly packumentCache full:https://registry.npmjs.org/read set size:41363 disposed:false
329 silly fetch manifest source-map@^0.6.0
330 silly packumentCache full:https://registry.npmjs.org/source-map cache-miss
331 http fetch GET 200 https://registry.npmjs.org/tv4 181ms (cache revalidated)
332 silly packumentCache full:https://registry.npmjs.org/tv4 set size:84466 disposed:false
333 silly fetch manifest git-node-fs@^1.0.0
334 silly packumentCache full:https://registry.npmjs.org/git-node-fs cache-miss
335 http fetch GET 200 https://registry.npmjs.org/source-map 30ms (cache revalidated)
336 silly packumentCache full:https://registry.npmjs.org/source-map set size:226141 disposed:false
337 silly fetch manifest ini@^1.3.5
338 silly packumentCache full:https://registry.npmjs.org/ini cache-miss
339 http fetch GET 200 https://registry.npmjs.org/git-node-fs 33ms (cache revalidated)
340 silly packumentCache full:https://registry.npmjs.org/git-node-fs set size:5780 disposed:false
341 silly fetch manifest js-git@^0.7.8
342 silly packumentCache full:https://registry.npmjs.org/js-git cache-miss
343 http fetch GET 200 https://registry.npmjs.org/buffer-from 56ms (cache revalidated)
344 silly packumentCache full:https://registry.npmjs.org/buffer-from set size:15463 disposed:false
345 http fetch GET 200 https://registry.npmjs.org/ini 37ms (cache revalidated)
346 silly packumentCache full:https://registry.npmjs.org/ini set size:57019 disposed:false
347 http fetch GET 200 https://registry.npmjs.org/js-git 32ms (cache revalidated)
348 silly packumentCache full:https://registry.npmjs.org/js-git set size:47312 disposed:false
349 silly fetch manifest bufferutil@^4.0.1
350 silly packumentCache full:https://registry.npmjs.org/bufferutil cache-miss
351 http fetch GET 200 https://registry.npmjs.org/bufferutil 28ms (cache revalidated)
352 silly packumentCache full:https://registry.npmjs.org/bufferutil set size:52763 disposed:false
353 silly fetch manifest utf-8-validate@^5.0.2
354 silly packumentCache full:https://registry.npmjs.org/utf-8-validate cache-miss
355 http fetch GET 200 https://registry.npmjs.org/utf-8-validate 39ms (cache revalidated)
356 silly packumentCache full:https://registry.npmjs.org/utf-8-validate set size:77148 disposed:false
357 silly placeDep node_modules/pm2 chalk@3.0.0 OK for: @pm2/agent@2.1.1 want: ~3.0.0
358 silly placeDep node_modules/pm2/node_modules/@pm2/agent dayjs@1.8.36 OK for: @pm2/agent@2.1.1 want: ~1.8.24
359 silly placeDep node_modules/pm2/node_modules/@pm2/agent debug@4.3.7 OK for: @pm2/agent@2.1.1 want: ~4.3.1
360 silly placeDep node_modules/pm2 fast-json-patch@3.1.1 OK for: @pm2/agent@2.1.1 want: ^3.1.0
361 silly placeDep node_modules/pm2 proxy-agent@6.4.0 OK for: @pm2/agent@2.1.1 want: ~6.4.0
362 silly placeDep node_modules/pm2/node_modules/@pm2/agent semver@7.5.4 OK for: @pm2/agent@2.1.1 want: ~7.5.0
363 silly placeDep node_modules/pm2 ws@7.5.10 OK for: @pm2/agent@2.1.1 want: ~7.5.10
364 silly fetch manifest ansi-styles@^4.1.0
365 silly packumentCache full:https://registry.npmjs.org/ansi-styles cache-miss
366 silly fetch manifest supports-color@^7.1.0
367 silly packumentCache full:https://registry.npmjs.org/supports-color cache-miss
368 silly fetch manifest lru-cache@^7.14.1
369 silly packumentCache full:https://registry.npmjs.org/lru-cache cache-miss
370 http fetch GET 200 https://registry.npmjs.org/supports-color 36ms (cache revalidated)
371 silly packumentCache full:https://registry.npmjs.org/supports-color set size:118680 disposed:false
372 silly fetch manifest agent-base@^7.0.2
373 silly packumentCache full:https://registry.npmjs.org/agent-base cache-miss
374 http fetch GET 200 https://registry.npmjs.org/lru-cache 41ms (cache revalidated)
375 silly packumentCache full:https://registry.npmjs.org/lru-cache set size:406394 disposed:false
376 silly fetch manifest proxy-from-env@^1.1.0
377 silly packumentCache full:https://registry.npmjs.org/proxy-from-env cache-miss
378 http fetch GET 200 https://registry.npmjs.org/ansi-styles 57ms (cache revalidated)
379 silly packumentCache full:https://registry.npmjs.org/ansi-styles set size:63233 disposed:false
380 silly fetch manifest pac-proxy-agent@^7.0.1
381 silly packumentCache full:https://registry.npmjs.org/pac-proxy-agent cache-miss
382 http fetch GET 200 https://registry.npmjs.org/proxy-from-env 41ms (cache revalidated)
383 silly packumentCache full:https://registry.npmjs.org/proxy-from-env set size:15831 disposed:false
384 silly fetch manifest http-proxy-agent@^7.0.1
385 silly packumentCache full:https://registry.npmjs.org/http-proxy-agent cache-miss
386 http fetch GET 200 https://registry.npmjs.org/agent-base 54ms (cache revalidated)
387 silly packumentCache full:https://registry.npmjs.org/agent-base set size:67460 disposed:false
388 silly fetch manifest https-proxy-agent@^7.0.3
389 silly packumentCache full:https://registry.npmjs.org/https-proxy-agent cache-miss
390 http fetch GET 200 https://registry.npmjs.org/https-proxy-agent 30ms (cache revalidated)
391 silly packumentCache full:https://registry.npmjs.org/https-proxy-agent set size:76241 disposed:false
392 silly fetch manifest socks-proxy-agent@^8.0.2
393 silly packumentCache full:https://registry.npmjs.org/socks-proxy-agent cache-miss
394 http fetch GET 200 https://registry.npmjs.org/http-proxy-agent 40ms (cache revalidated)
395 silly packumentCache full:https://registry.npmjs.org/http-proxy-agent set size:50096 disposed:false
396 silly fetch manifest lru-cache@^6.0.0
397 silly packumentCache full:https://registry.npmjs.org/lru-cache cache-hit
398 http fetch GET 200 https://registry.npmjs.org/socks-proxy-agent 38ms (cache revalidated)
399 silly packumentCache full:https://registry.npmjs.org/socks-proxy-agent set size:96838 disposed:false
400 http fetch GET 200 https://registry.npmjs.org/pac-proxy-agent 193ms (cache revalidated)
401 silly packumentCache full:https://registry.npmjs.org/pac-proxy-agent set size:59229 disposed:false
402 silly placeDep node_modules/pm2/node_modules/@pm2/io async@2.6.4 OK for: @pm2/io@6.1.0 want: ~2.6.1
403 silly placeDep node_modules/pm2/node_modules/@pm2/io debug@4.3.7 OK for: @pm2/io@6.1.0 want: ~4.3.1
404 silly placeDep node_modules/pm2/node_modules/@pm2/io eventemitter2@6.4.9 OK for: @pm2/io@6.1.0 want: ^6.3.1
405 silly placeDep node_modules/pm2 require-in-the-middle@5.2.0 OK for: @pm2/io@6.1.0 want: ^5.0.0
406 silly placeDep node_modules/pm2/node_modules/@pm2/io semver@7.5.4 OK for: @pm2/io@6.1.0 want: ~7.5.4
407 silly placeDep node_modules/pm2 shimmer@1.2.1 OK for: @pm2/io@6.1.0 want: ^1.2.0
408 silly placeDep node_modules/pm2 signal-exit@3.0.7 OK for: @pm2/io@6.1.0 want: ^3.0.3
409 silly placeDep node_modules/pm2 tslib@1.9.3 OK for: @pm2/io@6.1.0 want: 1.9.3
410 silly fetch manifest lodash@^4.17.14
411 silly packumentCache full:https://registry.npmjs.org/lodash cache-miss
412 silly fetch manifest resolve@^1.22.1
413 silly packumentCache full:https://registry.npmjs.org/resolve cache-miss
414 silly fetch manifest module-details-from-path@^1.0.3
415 silly packumentCache full:https://registry.npmjs.org/module-details-from-path cache-miss
416 http fetch GET 200 https://registry.npmjs.org/resolve 40ms (cache revalidated)
417 silly packumentCache full:https://registry.npmjs.org/resolve set size:246681 disposed:false
418 http fetch GET 200 https://registry.npmjs.org/module-details-from-path 46ms (cache revalidated)
419 silly packumentCache full:https://registry.npmjs.org/module-details-from-path set size:10793 disposed:false
420 http fetch GET 200 https://registry.npmjs.org/lodash 49ms (cache revalidated)
421 silly packumentCache full:https://registry.npmjs.org/lodash set size:242486 disposed:false
422 silly placeDep node_modules/pm2/node_modules/@pm2/js-api async@2.6.4 OK for: @pm2/js-api@0.8.0 want: ^2.6.3
423 silly placeDep node_modules/pm2/node_modules/@pm2/js-api debug@4.3.7 OK for: @pm2/js-api@0.8.0 want: ~4.3.1
424 silly placeDep node_modules/pm2/node_modules/@pm2/js-api eventemitter2@6.4.9 OK for: @pm2/js-api@0.8.0 want: ^6.3.1
425 silly placeDep node_modules/pm2 extrareqp2@1.0.0 OK for: @pm2/js-api@0.8.0 want: ^1.0.0
426 silly fetch manifest follow-redirects@^1.14.0
427 silly packumentCache full:https://registry.npmjs.org/follow-redirects cache-miss
428 http fetch GET 200 https://registry.npmjs.org/follow-redirects 40ms (cache revalidated)
429 silly packumentCache full:https://registry.npmjs.org/follow-redirects set size:186700 disposed:false
430 silly placeDep node_modules/pm2 ansi-styles@4.3.0 OK for: chalk@3.0.0 want: ^4.1.0
431 silly placeDep node_modules/pm2 supports-color@7.2.0 OK for: chalk@3.0.0 want: ^7.1.0
432 silly fetch manifest color-convert@^2.0.1
433 silly packumentCache full:https://registry.npmjs.org/color-convert cache-miss
434 silly fetch manifest has-flag@^4.0.0
435 silly packumentCache full:https://registry.npmjs.org/has-flag cache-miss
436 http fetch GET 200 https://registry.npmjs.org/has-flag 29ms (cache revalidated)
437 silly packumentCache full:https://registry.npmjs.org/has-flag set size:15180 disposed:false
438 http fetch GET 200 https://registry.npmjs.org/color-convert 34ms (cache revalidated)
439 silly packumentCache full:https://registry.npmjs.org/color-convert set size:72663 disposed:false
440 silly placeDep node_modules/pm2 color-convert@2.0.1 OK for: ansi-styles@4.3.0 want: ^2.0.1
441 silly fetch manifest color-name@~1.1.4
442 silly packumentCache full:https://registry.npmjs.org/color-name cache-miss
443 http fetch GET 200 https://registry.npmjs.org/color-name 31ms (cache revalidated)
444 silly packumentCache full:https://registry.npmjs.org/color-name set size:19467 disposed:false
445 silly placeDep node_modules/pm2 anymatch@3.1.3 OK for: chokidar@3.6.0 want: ~3.1.2
446 silly placeDep node_modules/pm2 braces@3.0.3 OK for: chokidar@3.6.0 want: ~3.0.2
447 silly placeDep node_modules/pm2 fsevents@2.3.3 OK for: chokidar@3.6.0 want: ~2.3.2
448 silly placeDep node_modules/pm2 glob-parent@5.1.2 OK for: chokidar@3.6.0 want: ~5.1.2
449 silly placeDep node_modules/pm2 is-binary-path@2.1.0 OK for: chokidar@3.6.0 want: ~2.1.0
450 silly placeDep node_modules/pm2 is-glob@4.0.3 OK for: chokidar@3.6.0 want: ~4.0.1
451 silly placeDep node_modules/pm2 normalize-path@3.0.0 OK for: chokidar@3.6.0 want: ~3.0.0
452 silly placeDep node_modules/pm2 readdirp@3.6.0 OK for: chokidar@3.6.0 want: ~3.6.0
453 silly fetch manifest picomatch@^2.0.4
454 silly packumentCache full:https://registry.npmjs.org/picomatch cache-miss
455 silly fetch manifest normalize-path@^3.0.0
456 silly packumentCache full:https://registry.npmjs.org/normalize-path cache-hit
457 silly fetch manifest fill-range@^7.1.1
458 silly packumentCache full:https://registry.npmjs.org/fill-range cache-miss
459 silly fetch manifest is-glob@^4.0.1
460 silly packumentCache full:https://registry.npmjs.org/is-glob cache-hit
461 silly fetch manifest binary-extensions@^2.0.0
462 silly packumentCache full:https://registry.npmjs.org/binary-extensions cache-miss
463 http fetch GET 200 https://registry.npmjs.org/fill-range 33ms (cache revalidated)
464 silly packumentCache full:https://registry.npmjs.org/fill-range set size:90212 disposed:false
465 silly fetch manifest is-extglob@^2.1.1
466 silly packumentCache full:https://registry.npmjs.org/is-extglob cache-miss
467 http fetch GET 200 https://registry.npmjs.org/binary-extensions 37ms (cache revalidated)
468 silly packumentCache full:https://registry.npmjs.org/binary-extensions set size:51551 disposed:false
469 silly fetch manifest picomatch@^2.2.1
470 silly packumentCache full:https://registry.npmjs.org/picomatch cache-miss
471 http fetch GET 200 https://registry.npmjs.org/picomatch 41ms (cache revalidated)
472 silly packumentCache full:https://registry.npmjs.org/picomatch set size:118818 disposed:false
473 http cache https://registry.npmjs.org/picomatch 10ms (cache hit)
474 silly packumentCache full:https://registry.npmjs.org/picomatch set size:118818 disposed:false
475 silly packumentCache full:https://registry.npmjs.org/picomatch dispose
476 http fetch GET 200 https://registry.npmjs.org/is-extglob 46ms (cache revalidated)
477 silly packumentCache full:https://registry.npmjs.org/is-extglob set size:11766 disposed:false
478 silly placeDep node_modules/pm2 picomatch@2.3.1 OK for: anymatch@3.1.3 want: ^2.0.4
479 silly placeDep node_modules/pm2 fill-range@7.1.1 OK for: braces@3.0.3 want: ^7.1.1
480 silly fetch manifest to-regex-range@^5.0.1
481 silly packumentCache full:https://registry.npmjs.org/to-regex-range cache-miss
482 http fetch GET 200 https://registry.npmjs.org/to-regex-range 33ms (cache revalidated)
483 silly packumentCache full:https://registry.npmjs.org/to-regex-range set size:61569 disposed:false
484 silly placeDep node_modules/pm2 color-name@1.1.4 OK for: color-convert@2.0.1 want: ~1.1.4
485 silly placeDep node_modules/pm2 ms@2.1.3 OK for: debug@4.4.3 want: ^2.1.3
486 silly placeDep node_modules/pm2 ansi-colors@4.1.3 OK for: enquirer@2.3.6 want: ^4.1.1
487 silly placeDep node_modules/pm2 follow-redirects@1.15.11 OK for: extrareqp2@1.0.0 want: ^1.14.0
488 silly placeDep node_modules/pm2 to-regex-range@5.0.1 OK for: fill-range@7.1.1 want: ^5.0.1
489 silly fetch manifest is-number@^7.0.0
490 silly packumentCache full:https://registry.npmjs.org/is-number cache-miss
491 http fetch GET 200 https://registry.npmjs.org/is-number 47ms (cache revalidated)
492 silly packumentCache full:https://registry.npmjs.org/is-number set size:36183 disposed:false
493 silly placeDep node_modules/pm2 binary-extensions@2.3.0 OK for: is-binary-path@2.1.0 want: ^2.0.0
494 silly placeDep node_modules/pm2 is-extglob@2.1.1 OK for: is-glob@4.0.3 want: ^2.1.1
495 silly placeDep node_modules/pm2 argparse@2.0.1 OK for: js-yaml@4.1.1 want: ^2.0.1
496 silly placeDep node_modules/pm2/node_modules/needle debug@3.2.7 OK for: needle@2.4.0 want: ^3.2.6
497 silly placeDep node_modules/pm2 iconv-lite@0.4.24 OK for: needle@2.4.0 want: ^0.4.4
498 silly placeDep node_modules/pm2 sax@1.4.4 OK for: needle@2.4.0 want: ^1.2.4
499 silly fetch manifest safer-buffer@>= 2.1.2 < 3
500 silly packumentCache full:https://registry.npmjs.org/safer-buffer cache-miss
501 http fetch GET 200 https://registry.npmjs.org/safer-buffer 36ms (cache revalidated)
502 silly packumentCache full:https://registry.npmjs.org/safer-buffer set size:18521 disposed:false
503 silly placeDep node_modules/pm2 safer-buffer@2.1.2 OK for: iconv-lite@0.4.24 want: >= 2.1.2 < 3
504 silly placeDep node_modules/pm2 safe-buffer@5.2.1 OK for: pidusage@3.0.2 want: ^5.2.1
505 silly placeDep node_modules/pm2 amp@0.3.1 OK for: pm2-axon@4.0.1 want: ~0.3.1
506 silly placeDep node_modules/pm2 amp-message@0.1.2 OK for: pm2-axon@4.0.1 want: ~0.1.1
507 silly placeDep node_modules/pm2 escape-string-regexp@4.0.0 OK for: pm2-axon@4.0.1 want: ^4.0.0
508 silly placeDep node_modules/pm2 run-series@1.1.9 OK for: pm2-deploy@1.0.2 want: ^1.1.8
509 silly placeDep node_modules/pm2 tv4@1.3.0 OK for: pm2-deploy@1.0.2 want: ^1.3.0
510 silly placeDep node_modules/pm2 charm@0.1.2 OK for: pm2-multimeter@0.1.2 want: ~0.1.1
511 silly placeDep node_modules/pm2/node_modules/pm2-sysmonit pidusage@2.0.21 OK for: pm2-sysmonit@1.2.8 want: ^2.0.21
512 silly placeDep node_modules/pm2 systeminformation@5.30.2 OK for: pm2-sysmonit@1.2.8 want: ^5.7
513 silly placeDep node_modules/pm2 tx2@1.0.5 OK for: pm2-sysmonit@1.2.8 want: ~1.0.4
514 silly fetch manifest json-stringify-safe@^5.0.1
515 silly packumentCache full:https://registry.npmjs.org/json-stringify-safe cache-miss
516 http fetch GET 200 https://registry.npmjs.org/json-stringify-safe 29ms (cache revalidated)
517 silly packumentCache full:https://registry.npmjs.org/json-stringify-safe set size:8806 disposed:false
518 silly placeDep node_modules/pm2 read@1.0.7 OK for: promptly@2.2.0 want: ^1.0.4
519 silly fetch manifest mute-stream@~0.0.4
520 silly packumentCache full:https://registry.npmjs.org/mute-stream cache-miss
521 http fetch GET 200 https://registry.npmjs.org/mute-stream 28ms (cache revalidated)
522 silly packumentCache full:https://registry.npmjs.org/mute-stream set size:21918 disposed:false
523 silly placeDep node_modules/pm2 agent-base@7.1.4 OK for: proxy-agent@6.4.0 want: ^7.0.2
524 silly placeDep node_modules/pm2 http-proxy-agent@7.0.2 OK for: proxy-agent@6.4.0 want: ^7.0.1
525 silly placeDep node_modules/pm2 https-proxy-agent@7.0.6 OK for: proxy-agent@6.4.0 want: ^7.0.3
526 silly placeDep node_modules/pm2 lru-cache@7.18.3 OK for: proxy-agent@6.4.0 want: ^7.14.1
527 silly placeDep node_modules/pm2 pac-proxy-agent@7.2.0 OK for: proxy-agent@6.4.0 want: ^7.0.1
528 silly placeDep node_modules/pm2 proxy-from-env@1.1.0 OK for: proxy-agent@6.4.0 want: ^1.1.0
529 silly placeDep node_modules/pm2 socks-proxy-agent@8.0.5 OK for: proxy-agent@6.4.0 want: ^8.0.2
530 silly fetch manifest @tootallnate/quickjs-emscripten@^0.23.0
531 silly packumentCache full:https://registry.npmjs.org/@tootallnate%2fquickjs-emscripten cache-miss
532 silly fetch manifest get-uri@^6.0.1
533 silly packumentCache full:https://registry.npmjs.org/get-uri cache-miss
534 silly fetch manifest pac-resolver@^7.0.1
535 silly packumentCache full:https://registry.npmjs.org/pac-resolver cache-miss
536 http fetch GET 200 https://registry.npmjs.org/pac-resolver 42ms (cache revalidated)
537 silly packumentCache full:https://registry.npmjs.org/pac-resolver set size:54112 disposed:false
538 silly fetch manifest socks-proxy-agent@^8.0.5
539 silly packumentCache full:https://registry.npmjs.org/socks-proxy-agent cache-hit
540 silly fetch manifest socks@^2.8.3
541 silly packumentCache full:https://registry.npmjs.org/socks cache-miss
542 http fetch GET 200 https://registry.npmjs.org/get-uri 45ms (cache revalidated)
543 silly packumentCache full:https://registry.npmjs.org/get-uri set size:57591 disposed:false
544 http fetch GET 200 https://registry.npmjs.org/@tootallnate%2fquickjs-emscripten 51ms (cache revalidated)
545 silly packumentCache full:https://registry.npmjs.org/@tootallnate%2fquickjs-emscripten set size:27622 disposed:false
546 http fetch GET 200 https://registry.npmjs.org/socks 40ms (cache revalidated)
547 silly packumentCache full:https://registry.npmjs.org/socks set size:168523 disposed:false
548 silly placeDep node_modules/pm2 @tootallnate/quickjs-emscripten@0.23.0 OK for: pac-proxy-agent@7.2.0 want: ^0.23.0
549 silly placeDep node_modules/pm2 get-uri@6.0.5 OK for: pac-proxy-agent@7.2.0 want: ^6.0.1
550 silly placeDep node_modules/pm2 pac-resolver@7.0.1 OK for: pac-proxy-agent@7.2.0 want: ^7.0.1
551 silly fetch manifest basic-ftp@^5.0.2
552 silly packumentCache full:https://registry.npmjs.org/basic-ftp cache-miss
553 silly fetch manifest data-uri-to-buffer@^6.0.2
554 silly packumentCache full:https://registry.npmjs.org/data-uri-to-buffer cache-miss
555 silly fetch manifest degenerator@^5.0.0
556 silly packumentCache full:https://registry.npmjs.org/degenerator cache-miss
557 http fetch GET 200 https://registry.npmjs.org/degenerator 36ms (cache revalidated)
558 silly packumentCache full:https://registry.npmjs.org/degenerator set size:71179 disposed:false
559 silly fetch manifest netmask@^2.0.2
560 silly packumentCache full:https://registry.npmjs.org/netmask cache-miss
561 http fetch GET 200 https://registry.npmjs.org/basic-ftp 40ms (cache revalidated)
562 silly packumentCache full:https://registry.npmjs.org/basic-ftp set size:274853 disposed:false
563 http fetch GET 200 https://registry.npmjs.org/data-uri-to-buffer 45ms (cache revalidated)
564 silly packumentCache full:https://registry.npmjs.org/data-uri-to-buffer set size:43253 disposed:false
565 http fetch GET 200 https://registry.npmjs.org/netmask 35ms (cache revalidated)
566 silly packumentCache full:https://registry.npmjs.org/netmask set size:21537 disposed:false
567 silly placeDep node_modules/pm2 basic-ftp@5.1.0 OK for: get-uri@6.0.5 want: ^5.0.2
568 silly placeDep node_modules/pm2 data-uri-to-buffer@6.0.2 OK for: get-uri@6.0.5 want: ^6.0.2
569 silly placeDep node_modules/pm2 degenerator@5.0.1 OK for: pac-resolver@7.0.1 want: ^5.0.0
570 silly placeDep node_modules/pm2 netmask@2.0.2 OK for: pac-resolver@7.0.1 want: ^2.0.2
571 silly fetch manifest ast-types@^0.13.4
572 silly packumentCache full:https://registry.npmjs.org/ast-types cache-miss
573 silly fetch manifest escodegen@^2.1.0
574 silly packumentCache full:https://registry.npmjs.org/escodegen cache-miss
575 silly fetch manifest esprima@^4.0.1
576 silly packumentCache full:https://registry.npmjs.org/esprima cache-miss
577 http fetch GET 200 https://registry.npmjs.org/esprima 36ms (cache revalidated)
578 silly packumentCache full:https://registry.npmjs.org/esprima set size:118410 disposed:false
579 http fetch GET 200 https://registry.npmjs.org/escodegen 39ms (cache revalidated)
580 silly packumentCache full:https://registry.npmjs.org/escodegen set size:119723 disposed:false
581 http fetch GET 200 https://registry.npmjs.org/ast-types 50ms (cache revalidated)
582 silly packumentCache full:https://registry.npmjs.org/ast-types set size:443020 disposed:false
583 silly placeDep node_modules/pm2 ast-types@0.13.4 OK for: degenerator@5.0.1 want: ^0.13.4
584 silly placeDep node_modules/pm2 escodegen@2.1.0 OK for: degenerator@5.0.1 want: ^2.1.0
585 silly placeDep node_modules/pm2 esprima@4.0.1 OK for: degenerator@5.0.1 want: ^4.0.1
586 silly fetch manifest tslib@^2.0.1
587 silly packumentCache full:https://registry.npmjs.org/tslib cache-hit
588 silly fetch manifest estraverse@^5.2.0
589 silly packumentCache full:https://registry.npmjs.org/estraverse cache-miss
590 silly fetch manifest esutils@^2.0.2
591 silly packumentCache full:https://registry.npmjs.org/esutils cache-miss
592 silly fetch manifest source-map@~0.6.1
593 silly packumentCache full:https://registry.npmjs.org/source-map cache-hit
594 http fetch GET 200 https://registry.npmjs.org/esutils 38ms (cache revalidated)
595 silly packumentCache full:https://registry.npmjs.org/esutils set size:29522 disposed:false
596 http fetch GET 200 https://registry.npmjs.org/estraverse 43ms (cache revalidated)
597 silly packumentCache full:https://registry.npmjs.org/estraverse set size:62412 disposed:false
598 silly placeDep node_modules/pm2/node_modules/ast-types tslib@2.8.1 OK for: ast-types@0.13.4 want: ^2.0.1
599 silly placeDep node_modules/pm2 estraverse@5.3.0 OK for: escodegen@2.1.0 want: ^5.2.0
600 silly placeDep node_modules/pm2 esutils@2.0.3 OK for: escodegen@2.1.0 want: ^2.0.2
601 silly placeDep node_modules/pm2 source-map@0.6.1 OK for: escodegen@2.1.0 want: ~0.6.1
602 silly placeDep node_modules/pm2 mute-stream@0.0.8 OK for: read@1.0.7 want: ~0.0.4
603 silly placeDep node_modules/pm2 module-details-from-path@1.0.4 OK for: require-in-the-middle@5.2.0 want: ^1.0.3
604 silly placeDep node_modules/pm2 resolve@1.22.11 OK for: require-in-the-middle@5.2.0 want: ^1.22.1
605 silly fetch manifest is-core-module@^2.16.1
606 silly packumentCache full:https://registry.npmjs.org/is-core-module cache-miss
607 silly fetch manifest path-parse@^1.0.7
608 silly packumentCache full:https://registry.npmjs.org/path-parse cache-miss
609 silly fetch manifest supports-preserve-symlinks-flag@^1.0.0
610 silly packumentCache full:https://registry.npmjs.org/supports-preserve-symlinks-flag cache-miss
611 http fetch GET 200 https://registry.npmjs.org/supports-preserve-symlinks-flag 34ms (cache revalidated)
612 silly packumentCache full:https://registry.npmjs.org/supports-preserve-symlinks-flag set size:6802 disposed:false
613 http fetch GET 200 https://registry.npmjs.org/path-parse 35ms (cache revalidated)
614 silly packumentCache full:https://registry.npmjs.org/path-parse set size:14523 disposed:false
615 http fetch GET 200 https://registry.npmjs.org/is-core-module 37ms (cache revalidated)
616 silly packumentCache full:https://registry.npmjs.org/is-core-module set size:71788 disposed:false
617 silly placeDep node_modules/pm2 is-core-module@2.16.1 OK for: resolve@1.22.11 want: ^2.16.1
618 silly placeDep node_modules/pm2 path-parse@1.0.7 OK for: resolve@1.22.11 want: ^1.0.7
619 silly placeDep node_modules/pm2 supports-preserve-symlinks-flag@1.0.0 OK for: resolve@1.22.11 want: ^1.0.0
620 silly fetch manifest hasown@^2.0.2
621 silly packumentCache full:https://registry.npmjs.org/hasown cache-miss
622 http fetch GET 200 https://registry.npmjs.org/hasown 38ms (cache revalidated)
623 silly packumentCache full:https://registry.npmjs.org/hasown set size:12476 disposed:false
624 silly placeDep node_modules/pm2 hasown@2.0.2 OK for: is-core-module@2.16.1 want: ^2.0.2
625 silly fetch manifest function-bind@^1.1.2
626 silly packumentCache full:https://registry.npmjs.org/function-bind cache-miss
627 http fetch GET 200 https://registry.npmjs.org/function-bind 37ms (cache revalidated)
628 silly packumentCache full:https://registry.npmjs.org/function-bind set size:15733 disposed:false
629 silly placeDep node_modules/pm2 function-bind@1.1.2 OK for: hasown@2.0.2 want: ^1.1.2
630 silly placeDep node_modules/pm2 socks@2.8.7 OK for: socks-proxy-agent@8.0.5 want: ^2.8.3
631 silly fetch manifest ip-address@^10.0.1
632 silly packumentCache full:https://registry.npmjs.org/ip-address cache-miss
633 silly fetch manifest smart-buffer@^4.2.0
634 silly packumentCache full:https://registry.npmjs.org/smart-buffer cache-miss
635 http fetch GET 200 https://registry.npmjs.org/ip-address 44ms (cache revalidated)
636 silly packumentCache full:https://registry.npmjs.org/ip-address set size:135050 disposed:false
637 http fetch GET 200 https://registry.npmjs.org/smart-buffer 61ms (cache revalidated)
638 silly packumentCache full:https://registry.npmjs.org/smart-buffer set size:87065 disposed:false
639 silly placeDep node_modules/pm2 ip-address@10.1.0 OK for: socks@2.8.7 want: ^10.0.1
640 silly placeDep node_modules/pm2 smart-buffer@4.2.0 OK for: socks@2.8.7 want: ^4.2.0
641 silly placeDep node_modules/pm2 buffer-from@1.1.2 OK for: source-map-support@0.5.21 want: ^1.0.0
642 silly placeDep node_modules/pm2 has-flag@4.0.0 OK for: supports-color@7.2.0 want: ^4.0.0
643 silly placeDep node_modules/pm2 is-number@7.0.0 OK for: to-regex-range@5.0.1 want: ^7.0.0
644 silly placeDep node_modules/pm2 json-stringify-safe@5.0.1 OK for: tx2@1.0.5 want: ^5.0.1
645 silly placeDep node_modules/pm2/node_modules/vizion async@2.6.4 OK for: vizion@2.2.1 want: ^2.6.3
646 silly placeDep node_modules/pm2 git-node-fs@1.0.0 OK for: vizion@2.2.1 want: ^1.0.0
647 silly placeDep node_modules/pm2 ini@1.3.8 OK for: vizion@2.2.1 want: ^1.3.5
648 silly placeDep node_modules/pm2 js-git@0.7.8 OK for: vizion@2.2.1 want: ^0.7.8
649 silly fetch manifest bodec@^0.1.0
650 silly packumentCache full:https://registry.npmjs.org/bodec cache-miss
651 silly fetch manifest culvert@^0.1.2
652 silly packumentCache full:https://registry.npmjs.org/culvert cache-miss
653 silly fetch manifest git-sha1@^0.1.2
654 silly packumentCache full:https://registry.npmjs.org/git-sha1 cache-miss
655 http fetch GET 200 https://registry.npmjs.org/git-sha1 36ms (cache revalidated)
656 silly packumentCache full:https://registry.npmjs.org/git-sha1 set size:4199 disposed:false
657 silly fetch manifest pako@^0.2.5
658 silly packumentCache full:https://registry.npmjs.org/pako cache-miss
659 http fetch GET 200 https://registry.npmjs.org/bodec 39ms (cache revalidated)
660 silly packumentCache full:https://registry.npmjs.org/bodec set size:5489 disposed:false
661 http fetch GET 200 https://registry.npmjs.org/culvert 40ms (cache revalidated)
662 silly packumentCache full:https://registry.npmjs.org/culvert set size:6953 disposed:false
663 http fetch GET 200 https://registry.npmjs.org/pako 49ms (cache revalidated)
664 silly packumentCache full:https://registry.npmjs.org/pako set size:74234 disposed:false
665 silly placeDep node_modules/pm2 bodec@0.1.0 OK for: js-git@0.7.8 want: ^0.1.0
666 silly placeDep node_modules/pm2 culvert@0.1.2 OK for: js-git@0.7.8 want: ^0.1.2
667 silly placeDep node_modules/pm2 git-sha1@0.1.2 OK for: js-git@0.7.8 want: ^0.1.2
668 silly placeDep node_modules/pm2 pako@0.2.9 OK for: js-git@0.7.8 want: ^0.2.5
669 silly placeDep node_modules/pm2/node_modules/@pm2/agent lru-cache@6.0.0 OK for: semver@7.5.4 want: ^6.0.0
670 silly fetch manifest yallist@^4.0.0
671 silly packumentCache full:https://registry.npmjs.org/yallist cache-miss
672 http fetch GET 200 https://registry.npmjs.org/yallist 38ms (cache revalidated)
673 silly packumentCache full:https://registry.npmjs.org/yallist set size:34610 disposed:false
674 silly placeDep node_modules/pm2 yallist@4.0.0 OK for: lru-cache@6.0.0 want: ^4.0.0
675 silly placeDep node_modules/pm2 lodash@4.17.21 OK for: async@2.6.4 want: ^4.17.14
676 silly placeDep node_modules/pm2/node_modules/@pm2/io lru-cache@6.0.0 OK for: semver@7.5.4 want: ^6.0.0
677 silly reify mark retired [
677 silly reify   '/usr/lib/node_modules/pm2',
677 silly reify   '/usr/bin/pm2',
677 silly reify   '/usr/bin/pm2-dev',
677 silly reify   '/usr/bin/pm2-docker',
677 silly reify   '/usr/bin/pm2-runtime'
677 silly reify ]
678 silly reify moves {
678 silly reify   '/usr/lib/node_modules/pm2': '/usr/lib/node_modules/.pm2-zkn4vkCL',
678 silly reify   '/usr/bin/pm2': '/usr/bin/.pm2-zlom2DsY',
678 silly reify   '/usr/bin/pm2-dev': '/usr/bin/.pm2-dev-SVwaqREy',
678 silly reify   '/usr/bin/pm2-docker': '/usr/bin/.pm2-docker-cisdoyyx',
678 silly reify   '/usr/bin/pm2-runtime': '/usr/bin/.pm2-runtime-4LZbpPot'
678 silly reify }
679 verbose reify failed optional dependency /usr/lib/node_modules/pm2/node_modules/fsevents
680 silly reify mark deleted [ '/usr/lib/node_modules/pm2/node_modules/fsevents' ]
681 http cache pm2@https://registry.npmjs.org/pm2/-/pm2-6.0.14.tgz 0ms (cache hit)
682 http cache @pm2/pm2-version-check@https://registry.npmjs.org/@pm2/pm2-version-check/-/pm2-version-check-1.0.4.tgz 0ms (cache hit)
683 http cache supports-preserve-symlinks-flag@https://registry.npmjs.org/supports-preserve-symlinks-flag/-/supports-preserve-symlinks-flag-1.0.0.tgz 0ms (cache hit)
684 http cache @tootallnate/quickjs-emscripten@https://registry.npmjs.org/@tootallnate/quickjs-emscripten/-/quickjs-emscripten-0.23.0.tgz 0ms (cache hit)
685 http cache to-regex-range@https://registry.npmjs.org/to-regex-range/-/to-regex-range-5.0.1.tgz 0ms (cache hit)
686 http cache tslib@https://registry.npmjs.org/tslib/-/tslib-1.9.3.tgz 0ms (cache hit)
687 http cache tv4@https://registry.npmjs.org/tv4/-/tv4-1.3.0.tgz 1ms (cache hit)
688 http cache @pm2/js-api@https://registry.npmjs.org/@pm2/js-api/-/js-api-0.8.0.tgz 0ms (cache hit)
689 http cache debug@https://registry.npmjs.org/debug/-/debug-4.3.7.tgz 0ms (cache hit)
690 http cache async@https://registry.npmjs.org/async/-/async-2.6.4.tgz 0ms (cache hit)
691 http cache eventemitter2@https://registry.npmjs.org/eventemitter2/-/eventemitter2-6.4.9.tgz 0ms (cache hit)
692 http cache @pm2/io@https://registry.npmjs.org/@pm2/io/-/io-6.1.0.tgz 0ms (cache hit)
693 http cache async@https://registry.npmjs.org/async/-/async-2.6.4.tgz 0ms (cache hit)
694 http cache semver@https://registry.npmjs.org/semver/-/semver-7.5.4.tgz 0ms (cache hit)
695 http cache lru-cache@https://registry.npmjs.org/lru-cache/-/lru-cache-6.0.0.tgz 0ms (cache hit)
696 http cache eventemitter2@https://registry.npmjs.org/eventemitter2/-/eventemitter2-6.4.9.tgz 0ms (cache hit)
697 http cache debug@https://registry.npmjs.org/debug/-/debug-4.3.7.tgz 0ms (cache hit)
698 http cache @pm2/blessed@https://registry.npmjs.org/@pm2/blessed/-/blessed-0.1.81.tgz 0ms (cache hit)
699 http cache tx2@https://registry.npmjs.org/tx2/-/tx2-1.0.5.tgz 0ms (cache hit)
700 http cache @pm2/agent@https://registry.npmjs.org/@pm2/agent/-/agent-2.1.1.tgz 0ms (cache hit)
701 http cache dayjs@https://registry.npmjs.org/dayjs/-/dayjs-1.8.36.tgz 0ms (cache hit)
702 http cache lru-cache@https://registry.npmjs.org/lru-cache/-/lru-cache-6.0.0.tgz 0ms (cache hit)
703 http cache semver@https://registry.npmjs.org/semver/-/semver-7.5.4.tgz 0ms (cache hit)
704 http cache source-map@https://registry.npmjs.org/source-map/-/source-map-0.6.1.tgz 0ms (cache hit)
705 http cache debug@https://registry.npmjs.org/debug/-/debug-4.3.7.tgz 0ms (cache hit)
706 http cache ws@https://registry.npmjs.org/ws/-/ws-7.5.10.tgz 0ms (cache hit)
707 http cache yallist@https://registry.npmjs.org/yallist/-/yallist-4.0.0.tgz 0ms (cache hit)
708 http cache vizion@https://registry.npmjs.org/vizion/-/vizion-2.2.1.tgz 0ms (cache hit)
709 http cache async@https://registry.npmjs.org/async/-/async-2.6.4.tgz 0ms (cache hit)
710 http cache signal-exit@https://registry.npmjs.org/signal-exit/-/signal-exit-3.0.7.tgz 0ms (cache hit)
711 http cache source-map-support@https://registry.npmjs.org/source-map-support/-/source-map-support-0.5.21.tgz 0ms (cache hit)
712 http cache systeminformation@https://registry.npmjs.org/systeminformation/-/systeminformation-5.30.2.tgz 0ms (cache hit)
713 http cache safer-buffer@https://registry.npmjs.org/safer-buffer/-/safer-buffer-2.1.2.tgz 0ms (cache hit)
714 http cache socks-proxy-agent@https://registry.npmjs.org/socks-proxy-agent/-/socks-proxy-agent-8.0.5.tgz 0ms (cache hit)
715 http cache supports-color@https://registry.npmjs.org/supports-color/-/supports-color-7.2.0.tgz 0ms (cache hit)
716 http cache pm2-axon@https://registry.npmjs.org/pm2-axon/-/pm2-axon-4.0.1.tgz 0ms (cache hit)
717 http cache sprintf-js@https://registry.npmjs.org/sprintf-js/-/sprintf-js-1.1.2.tgz 0ms (cache hit)
718 http cache smart-buffer@https://registry.npmjs.org/smart-buffer/-/smart-buffer-4.2.0.tgz 0ms (cache hit)
719 http cache socks@https://registry.npmjs.org/socks/-/socks-2.8.7.tgz 0ms (cache hit)
720 http cache readdirp@https://registry.npmjs.org/readdirp/-/readdirp-3.6.0.tgz 0ms (cache hit)
721 http cache run-series@https://registry.npmjs.org/run-series/-/run-series-1.1.9.tgz 0ms (cache hit)
722 http cache shimmer@https://registry.npmjs.org/shimmer/-/shimmer-1.2.1.tgz 0ms (cache hit)
723 http cache semver@https://registry.npmjs.org/semver/-/semver-7.7.2.tgz 0ms (cache hit)
724 http cache require-in-the-middle@https://registry.npmjs.org/require-in-the-middle/-/require-in-the-middle-5.2.0.tgz 0ms (cache hit)
725 http cache safe-buffer@https://registry.npmjs.org/safe-buffer/-/safe-buffer-5.2.1.tgz 0ms (cache hit)
726 http cache sax@https://registry.npmjs.org/sax/-/sax-1.4.4.tgz 0ms (cache hit)
727 http cache proxy-from-env@https://registry.npmjs.org/proxy-from-env/-/proxy-from-env-1.1.0.tgz 0ms (cache hit)
728 http cache resolve@https://registry.npmjs.org/resolve/-/resolve-1.22.11.tgz 0ms (cache hit)
729 http cache read@https://registry.npmjs.org/read/-/read-1.0.7.tgz 0ms (cache hit)
730 http cache pm2-sysmonit@https://registry.npmjs.org/pm2-sysmonit/-/pm2-sysmonit-1.2.8.tgz 0ms (cache hit)
731 http cache pidusage@https://registry.npmjs.org/pidusage/-/pidusage-2.0.21.tgz 0ms (cache hit)
732 http cache pm2-deploy@https://registry.npmjs.org/pm2-deploy/-/pm2-deploy-1.0.2.tgz 0ms (cache hit)
733 http cache pm2-multimeter@https://registry.npmjs.org/pm2-multimeter/-/pm2-multimeter-0.1.2.tgz 0ms (cache hit)
734 http cache follow-redirects@https://registry.npmjs.org/follow-redirects/-/follow-redirects-1.15.11.tgz 0ms (cache hit)
735 http cache js-yaml@https://registry.npmjs.org/js-yaml/-/js-yaml-4.1.1.tgz 0ms (cache hit)
736 http cache lodash@https://registry.npmjs.org/lodash/-/lodash-4.17.21.tgz 0ms (cache hit)
737 http cache promptly@https://registry.npmjs.org/promptly/-/promptly-2.2.0.tgz 0ms (cache hit)
738 http cache mkdirp@https://registry.npmjs.org/mkdirp/-/mkdirp-1.0.4.tgz 0ms (cache hit)
739 http cache pm2-axon-rpc@https://registry.npmjs.org/pm2-axon-rpc/-/pm2-axon-rpc-0.7.1.tgz 0ms (cache hit)
740 http cache pidusage@https://registry.npmjs.org/pidusage/-/pidusage-3.0.2.tgz 0ms (cache hit)
741 http cache proxy-agent@https://registry.npmjs.org/proxy-agent/-/proxy-agent-6.4.0.tgz 0ms (cache hit)
742 http cache picomatch@https://registry.npmjs.org/picomatch/-/picomatch-2.3.1.tgz 0ms (cache hit)
743 http cache netmask@https://registry.npmjs.org/netmask/-/netmask-2.0.2.tgz 0ms (cache hit)
744 http cache path-parse@https://registry.npmjs.org/path-parse/-/path-parse-1.0.7.tgz 0ms (cache hit)
745 http cache pac-resolver@https://registry.npmjs.org/pac-resolver/-/pac-resolver-7.0.1.tgz 0ms (cache hit)
746 http cache pac-proxy-agent@https://registry.npmjs.org/pac-proxy-agent/-/pac-proxy-agent-7.2.0.tgz 0ms (cache hit)
747 http cache normalize-path@https://registry.npmjs.org/normalize-path/-/normalize-path-3.0.0.tgz 0ms (cache hit)
748 http cache mute-stream@https://registry.npmjs.org/mute-stream/-/mute-stream-0.0.8.tgz 0ms (cache hit)
749 http cache needle@https://registry.npmjs.org/needle/-/needle-2.4.0.tgz 0ms (cache hit)
750 http cache debug@https://registry.npmjs.org/debug/-/debug-3.2.7.tgz 0ms (cache hit)
751 http cache fclone@https://registry.npmjs.org/fclone/-/fclone-1.0.11.tgz 0ms (cache hit)
752 http cache ms@https://registry.npmjs.org/ms/-/ms-2.1.3.tgz 0ms (cache hit)
753 http cache module-details-from-path@https://registry.npmjs.org/module-details-from-path/-/module-details-from-path-1.0.4.tgz 0ms (cache hit)
754 http cache json-stringify-safe@https://registry.npmjs.org/json-stringify-safe/-/json-stringify-safe-5.0.1.tgz 0ms (cache hit)
755 http cache lru-cache@https://registry.npmjs.org/lru-cache/-/lru-cache-7.18.3.tgz 0ms (cache hit)
756 http cache ini@https://registry.npmjs.org/ini/-/ini-1.3.8.tgz 0ms (cache hit)
757 http cache is-binary-path@https://registry.npmjs.org/is-binary-path/-/is-binary-path-2.1.0.tgz 0ms (cache hit)
758 http cache is-glob@https://registry.npmjs.org/is-glob/-/is-glob-4.0.3.tgz 0ms (cache hit)
759 http cache glob-parent@https://registry.npmjs.org/glob-parent/-/glob-parent-5.1.2.tgz 0ms (cache hit)
760 http cache js-git@https://registry.npmjs.org/js-git/-/js-git-0.7.8.tgz 0ms (cache hit)
761 http cache is-number@https://registry.npmjs.org/is-number/-/is-number-7.0.0.tgz 0ms (cache hit)
762 http cache ip-address@https://registry.npmjs.org/ip-address/-/ip-address-10.1.0.tgz 1ms (cache hit)
763 http cache is-core-module@https://registry.npmjs.org/is-core-module/-/is-core-module-2.16.1.tgz 0ms (cache hit)
764 http cache is-extglob@https://registry.npmjs.org/is-extglob/-/is-extglob-2.1.1.tgz 0ms (cache hit)
765 http cache https-proxy-agent@https://registry.npmjs.org/https-proxy-agent/-/https-proxy-agent-7.0.6.tgz 0ms (cache hit)
766 http cache http-proxy-agent@https://registry.npmjs.org/http-proxy-agent/-/http-proxy-agent-7.0.2.tgz 0ms (cache hit)
767 http cache iconv-lite@https://registry.npmjs.org/iconv-lite/-/iconv-lite-0.4.24.tgz 0ms (cache hit)
768 http cache git-node-fs@https://registry.npmjs.org/git-node-fs/-/git-node-fs-1.0.0.tgz 0ms (cache hit)
769 http cache estraverse@https://registry.npmjs.org/estraverse/-/estraverse-5.3.0.tgz 0ms (cache hit)
770 http cache hasown@https://registry.npmjs.org/hasown/-/hasown-2.0.2.tgz 0ms (cache hit)
771 http cache fill-range@https://registry.npmjs.org/fill-range/-/fill-range-7.1.1.tgz 0ms (cache hit)
772 http cache chalk@https://registry.npmjs.org/chalk/-/chalk-3.0.0.tgz 0ms (cache hit)
773 http cache has-flag@https://registry.npmjs.org/has-flag/-/has-flag-4.0.0.tgz 0ms (cache hit)
774 http cache git-sha1@https://registry.npmjs.org/git-sha1/-/git-sha1-0.1.2.tgz 0ms (cache hit)
775 http cache get-uri@https://registry.npmjs.org/get-uri/-/get-uri-6.0.5.tgz 0ms (cache hit)
776 http cache escodegen@https://registry.npmjs.org/escodegen/-/escodegen-2.1.0.tgz 0ms (cache hit)
777 http cache fast-json-patch@https://registry.npmjs.org/fast-json-patch/-/fast-json-patch-3.1.1.tgz 0ms (cache hit)
778 http cache function-bind@https://registry.npmjs.org/function-bind/-/function-bind-1.1.2.tgz 0ms (cache hit)
779 http cache data-uri-to-buffer@https://registry.npmjs.org/data-uri-to-buffer/-/data-uri-to-buffer-6.0.2.tgz 0ms (cache hit)
780 http cache extrareqp2@https://registry.npmjs.org/extrareqp2/-/extrareqp2-1.0.0.tgz 0ms (cache hit)
781 http cache esutils@https://registry.npmjs.org/esutils/-/esutils-2.0.3.tgz 0ms (cache hit)
782 http cache eventemitter2@https://registry.npmjs.org/eventemitter2/-/eventemitter2-5.0.1.tgz 0ms (cache hit)
783 http cache degenerator@https://registry.npmjs.org/degenerator/-/degenerator-5.0.1.tgz 0ms (cache hit)
784 http cache argparse@https://registry.npmjs.org/argparse/-/argparse-2.0.1.tgz 0ms (cache hit)
785 http cache esprima@https://registry.npmjs.org/esprima/-/esprima-4.0.1.tgz 1ms (cache hit)
786 http cache enquirer@https://registry.npmjs.org/enquirer/-/enquirer-2.3.6.tgz 0ms (cache hit)
787 http cache escape-string-regexp@https://registry.npmjs.org/escape-string-regexp/-/escape-string-regexp-4.0.0.tgz 0ms (cache hit)
788 http cache color-convert@https://registry.npmjs.org/color-convert/-/color-convert-2.0.1.tgz 0ms (cache hit)
789 http cache debug@https://registry.npmjs.org/debug/-/debug-4.4.3.tgz 0ms (cache hit)
790 http cache dayjs@https://registry.npmjs.org/dayjs/-/dayjs-1.11.15.tgz 0ms (cache hit)
791 http cache color-name@https://registry.npmjs.org/color-name/-/color-name-1.1.4.tgz 0ms (cache hit)
792 http cache culvert@https://registry.npmjs.org/culvert/-/culvert-0.1.2.tgz 0ms (cache hit)
793 http cache chokidar@https://registry.npmjs.org/chokidar/-/chokidar-3.6.0.tgz 0ms (cache hit)
794 http cache croner@https://registry.npmjs.org/croner/-/croner-4.1.97.tgz 0ms (cache hit)
795 http cache basic-ftp@https://registry.npmjs.org/basic-ftp/-/basic-ftp-5.1.0.tgz 0ms (cache hit)
796 http cache commander@https://registry.npmjs.org/commander/-/commander-2.15.1.tgz 0ms (cache hit)
797 http cache bodec@https://registry.npmjs.org/bodec/-/bodec-0.1.0.tgz 0ms (cache hit)
798 http cache cli-tableau@https://registry.npmjs.org/cli-tableau/-/cli-tableau-2.0.1.tgz 0ms (cache hit)
799 http cache charm@https://registry.npmjs.org/charm/-/charm-0.1.2.tgz 0ms (cache hit)
800 http cache braces@https://registry.npmjs.org/braces/-/braces-3.0.3.tgz 0ms (cache hit)
801 http cache buffer-from@https://registry.npmjs.org/buffer-from/-/buffer-from-1.1.2.tgz 0ms (cache hit)
802 http cache ansi-colors@https://registry.npmjs.org/ansi-colors/-/ansi-colors-4.1.3.tgz 0ms (cache hit)
803 http cache agent-base@https://registry.npmjs.org/agent-base/-/agent-base-7.1.4.tgz 0ms (cache hit)
804 http cache binary-extensions@https://registry.npmjs.org/binary-extensions/-/binary-extensions-2.3.0.tgz 0ms (cache hit)
805 http cache ast-types@https://registry.npmjs.org/ast-types/-/ast-types-0.13.4.tgz 0ms (cache hit)
806 http cache tslib@https://registry.npmjs.org/tslib/-/tslib-2.8.1.tgz 0ms (cache hit)
807 http cache async@https://registry.npmjs.org/async/-/async-3.2.6.tgz 0ms (cache hit)
808 http cache anymatch@https://registry.npmjs.org/anymatch/-/anymatch-3.1.3.tgz 0ms (cache hit)
809 http cache ansis@https://registry.npmjs.org/ansis/-/ansis-4.0.0-node10.tgz 1ms (cache hit)
810 http cache ansi-styles@https://registry.npmjs.org/ansi-styles/-/ansi-styles-4.3.0.tgz 0ms (cache hit)
811 http cache amp@https://registry.npmjs.org/amp/-/amp-0.3.1.tgz 0ms (cache hit)
812 http cache amp-message@https://registry.npmjs.org/amp-message/-/amp-message-0.1.2.tgz 0ms (cache hit)
813 http cache pako@https://registry.npmjs.org/pako/-/pako-0.2.9.tgz 0ms (cache hit)
814 silly CHANGE node_modules/pm2
815 silly ADD
816 silly CHANGE node_modules/pm2/node_modules/@pm2/pm2-version-check
817 silly CHANGE node_modules/pm2/node_modules/supports-preserve-symlinks-flag
818 silly CHANGE node_modules/pm2/node_modules/@tootallnate/quickjs-emscripten
819 silly CHANGE node_modules/pm2/node_modules/to-regex-range
820 silly CHANGE node_modules/pm2/node_modules/tslib
821 silly CHANGE node_modules/pm2/node_modules/tv4
822 silly CHANGE node_modules/pm2/node_modules/@pm2/js-api
823 silly CHANGE node_modules/pm2/node_modules/@pm2/js-api/node_modules/eventemitter2
824 silly CHANGE node_modules/pm2/node_modules/@pm2/js-api/node_modules/debug
825 silly CHANGE node_modules/pm2/node_modules/@pm2/js-api/node_modules/async
826 silly CHANGE node_modules/pm2/node_modules/@pm2/io
827 silly CHANGE node_modules/pm2/node_modules/@pm2/io/node_modules/async
828 silly CHANGE node_modules/pm2/node_modules/@pm2/io/node_modules/semver
829 silly CHANGE node_modules/pm2/node_modules/@pm2/io/node_modules/lru-cache
830 silly CHANGE node_modules/pm2/node_modules/@pm2/io/node_modules/eventemitter2
831 silly CHANGE node_modules/pm2/node_modules/@pm2/io/node_modules/debug
832 silly CHANGE node_modules/pm2/node_modules/@pm2/blessed
833 silly CHANGE node_modules/pm2/node_modules/tx2
834 silly CHANGE node_modules/pm2/node_modules/@pm2/agent
835 silly CHANGE node_modules/pm2/node_modules/@pm2/agent/node_modules/dayjs
836 silly CHANGE node_modules/pm2/node_modules/@pm2/agent/node_modules/lru-cache
837 silly CHANGE node_modules/pm2/node_modules/@pm2/agent/node_modules/semver
838 silly CHANGE node_modules/pm2/node_modules/@pm2/agent/node_modules/debug
839 silly CHANGE node_modules/pm2/node_modules/source-map
840 silly CHANGE node_modules/pm2/node_modules/ws
841 silly CHANGE node_modules/pm2/node_modules/yallist
842 silly CHANGE node_modules/pm2/node_modules/vizion
843 silly CHANGE node_modules/pm2/node_modules/vizion/node_modules/async
844 silly CHANGE node_modules/pm2/node_modules/signal-exit
845 silly CHANGE node_modules/pm2/node_modules/systeminformation
846 silly CHANGE node_modules/pm2/node_modules/source-map-support
847 silly CHANGE node_modules/pm2/node_modules/safer-buffer
848 silly CHANGE node_modules/pm2/node_modules/socks-proxy-agent
849 silly CHANGE node_modules/pm2/node_modules/supports-color
850 silly CHANGE node_modules/pm2/node_modules/pm2-axon
851 silly CHANGE node_modules/pm2/node_modules/sprintf-js
852 silly CHANGE node_modules/pm2/node_modules/smart-buffer
853 silly CHANGE node_modules/pm2/node_modules/socks
854 silly CHANGE node_modules/pm2/node_modules/run-series
855 silly CHANGE node_modules/pm2/node_modules/readdirp
856 silly CHANGE node_modules/pm2/node_modules/shimmer
857 silly CHANGE node_modules/pm2/node_modules/semver
858 silly CHANGE node_modules/pm2/node_modules/require-in-the-middle
859 silly CHANGE node_modules/pm2/node_modules/safe-buffer
860 silly CHANGE node_modules/pm2/node_modules/sax
861 silly CHANGE node_modules/pm2/node_modules/proxy-from-env
862 silly CHANGE node_modules/pm2/node_modules/proxy-agent
863 silly CHANGE node_modules/pm2/node_modules/resolve
864 silly CHANGE node_modules/pm2/node_modules/read
865 silly CHANGE node_modules/pm2/node_modules/pm2-sysmonit
866 silly CHANGE node_modules/pm2/node_modules/pm2-sysmonit/node_modules/pidusage
867 silly CHANGE node_modules/pm2/node_modules/pm2-deploy
868 silly CHANGE node_modules/pm2/node_modules/pm2-multimeter
869 silly CHANGE node_modules/pm2/node_modules/follow-redirects
870 silly CHANGE node_modules/pm2/node_modules/js-yaml
871 silly CHANGE node_modules/pm2/node_modules/lodash
872 silly CHANGE node_modules/pm2/node_modules/promptly
873 silly CHANGE node_modules/pm2/node_modules/mkdirp
874 silly CHANGE node_modules/pm2/node_modules/pm2-axon-rpc
875 silly CHANGE node_modules/pm2/node_modules/pidusage
876 silly CHANGE node_modules/pm2/node_modules/picomatch
877 silly CHANGE node_modules/pm2/node_modules/path-parse
878 silly CHANGE node_modules/pm2/node_modules/netmask
879 silly CHANGE node_modules/pm2/node_modules/pac-resolver
880 silly CHANGE node_modules/pm2/node_modules/pako
881 silly CHANGE node_modules/pm2/node_modules/pac-proxy-agent
882 silly CHANGE node_modules/pm2/node_modules/normalize-path
883 silly CHANGE node_modules/pm2/node_modules/mute-stream
884 silly CHANGE node_modules/pm2/node_modules/needle
885 silly CHANGE node_modules/pm2/node_modules/needle/node_modules/debug
886 silly CHANGE node_modules/pm2/node_modules/fclone
887 silly CHANGE node_modules/pm2/node_modules/ms
888 silly CHANGE node_modules/pm2/node_modules/module-details-from-path
889 silly CHANGE node_modules/pm2/node_modules/json-stringify-safe
890 silly CHANGE node_modules/pm2/node_modules/lru-cache
891 silly CHANGE node_modules/pm2/node_modules/ini
892 silly CHANGE node_modules/pm2/node_modules/is-binary-path
893 silly CHANGE node_modules/pm2/node_modules/is-glob
894 silly CHANGE node_modules/pm2/node_modules/glob-parent
895 silly CHANGE node_modules/pm2/node_modules/js-git
896 silly CHANGE node_modules/pm2/node_modules/is-number
897 silly CHANGE node_modules/pm2/node_modules/ip-address
898 silly CHANGE node_modules/pm2/node_modules/is-core-module
899 silly CHANGE node_modules/pm2/node_modules/is-extglob
900 silly CHANGE node_modules/pm2/node_modules/https-proxy-agent
901 silly CHANGE node_modules/pm2/node_modules/http-proxy-agent
902 silly CHANGE node_modules/pm2/node_modules/iconv-lite
903 silly CHANGE node_modules/pm2/node_modules/git-node-fs
904 silly CHANGE node_modules/pm2/node_modules/estraverse
905 silly CHANGE node_modules/pm2/node_modules/hasown
906 silly CHANGE node_modules/pm2/node_modules/fill-range
907 silly CHANGE node_modules/pm2/node_modules/chalk
908 silly CHANGE node_modules/pm2/node_modules/has-flag
909 silly CHANGE node_modules/pm2/node_modules/git-sha1
910 silly CHANGE node_modules/pm2/node_modules/get-uri
911 silly CHANGE node_modules/pm2/node_modules/escodegen
912 silly CHANGE node_modules/pm2/node_modules/fast-json-patch
913 silly CHANGE node_modules/pm2/node_modules/function-bind
914 silly CHANGE node_modules/pm2/node_modules/data-uri-to-buffer
915 silly CHANGE node_modules/pm2/node_modules/extrareqp2
916 silly CHANGE node_modules/pm2/node_modules/eventemitter2
917 silly CHANGE node_modules/pm2/node_modules/esutils
918 silly CHANGE node_modules/pm2/node_modules/degenerator
919 silly CHANGE node_modules/pm2/node_modules/argparse
920 silly CHANGE node_modules/pm2/node_modules/esprima
921 silly CHANGE node_modules/pm2/node_modules/enquirer
922 silly CHANGE node_modules/pm2/node_modules/escape-string-regexp
923 silly CHANGE node_modules/pm2/node_modules/color-convert
924 silly CHANGE node_modules/pm2/node_modules/debug
925 silly CHANGE node_modules/pm2/node_modules/dayjs
926 silly CHANGE node_modules/pm2/node_modules/color-name
927 silly CHANGE node_modules/pm2/node_modules/culvert
928 silly CHANGE node_modules/pm2/node_modules/chokidar
929 silly CHANGE node_modules/pm2/node_modules/croner
930 silly CHANGE node_modules/pm2/node_modules/basic-ftp
931 silly CHANGE node_modules/pm2/node_modules/commander
932 silly CHANGE node_modules/pm2/node_modules/bodec
933 silly CHANGE node_modules/pm2/node_modules/cli-tableau
934 silly CHANGE node_modules/pm2/node_modules/charm
935 silly CHANGE node_modules/pm2/node_modules/braces
936 silly CHANGE node_modules/pm2/node_modules/buffer-from
937 silly CHANGE node_modules/pm2/node_modules/ansi-colors
938 silly CHANGE node_modules/pm2/node_modules/binary-extensions
939 silly CHANGE node_modules/pm2/node_modules/agent-base
940 silly CHANGE node_modules/pm2/node_modules/ast-types
941 silly CHANGE node_modules/pm2/node_modules/ast-types/node_modules/tslib
942 silly CHANGE node_modules/pm2/node_modules/async
943 silly CHANGE node_modules/pm2/node_modules/anymatch
944 silly CHANGE node_modules/pm2/node_modules/ansis
945 silly CHANGE node_modules/pm2/node_modules/ansi-styles
946 silly CHANGE node_modules/pm2/node_modules/amp-message
947 silly CHANGE node_modules/pm2/node_modules/amp
948 verbose cwd /root/streamflow
949 verbose os Linux 5.15.0-164-generic
950 verbose node v22.21.0
951 verbose npm  v10.9.4
952 verbose exit 0
953 info ok
